<?xml version="1.0" encoding="UTF-8"?>
<testsuite xmlns:xsi="http://www.w3.org/2001/XMLSchema-instance" xsi:noNamespaceSchemaLocation="https://maven.apache.org/surefire/maven-surefire-plugin/xsd/surefire-test-report.xsd" name="com.uniovi.entities.IncidentTest" time="16.734" tests="3" errors="3" skipped="0" failures="0">
  <properties>
    <property name="gopherProxySet" value="false"/>
    <property name="awt.toolkit" value="sun.lwawt.macosx.LWCToolkit"/>
    <property name="file.encoding.pkg" value="sun.io"/>
    <property name="java.specification.version" value="1.8"/>
    <property name="sun.cpu.isalist" value=""/>
    <property name="sun.jnu.encoding" value="UTF-8"/>
    <property name="java.class.path" value="/Users/alejandro/Documents/tercero/segundo_semestre/ASW/lab/InciManager_i2b/target/test-classes:/Users/alejandro/Documents/tercero/segundo_semestre/ASW/lab/InciManager_i2b/target/classes:/Users/alejandro/.m2/repository/org/springframework/boot/spring-boot-starter-web/2.0.0.RELEASE/spring-boot-starter-web-2.0.0.RELEASE.jar:/Users/alejandro/.m2/repository/org/springframework/boot/spring-boot-starter/2.0.0.RELEASE/spring-boot-starter-2.0.0.RELEASE.jar:/Users/alejandro/.m2/repository/org/springframework/boot/spring-boot-autoconfigure/2.0.0.RELEASE/spring-boot-autoconfigure-2.0.0.RELEASE.jar:/Users/alejandro/.m2/repository/org/springframework/boot/spring-boot-starter-logging/2.0.0.RELEASE/spring-boot-starter-logging-2.0.0.RELEASE.jar:/Users/alejandro/.m2/repository/ch/qos/logback/logback-classic/1.2.3/logback-classic-1.2.3.jar:/Users/alejandro/.m2/repository/ch/qos/logback/logback-core/1.2.3/logback-core-1.2.3.jar:/Users/alejandro/.m2/repository/org/apache/logging/log4j/log4j-to-slf4j/2.10.0/log4j-to-slf4j-2.10.0.jar:/Users/alejandro/.m2/repository/org/apache/logging/log4j/log4j-api/2.10.0/log4j-api-2.10.0.jar:/Users/alejandro/.m2/repository/org/slf4j/jul-to-slf4j/1.7.25/jul-to-slf4j-1.7.25.jar:/Users/alejandro/.m2/repository/javax/annotation/javax.annotation-api/1.3.2/javax.annotation-api-1.3.2.jar:/Users/alejandro/.m2/repository/org/yaml/snakeyaml/1.19/snakeyaml-1.19.jar:/Users/alejandro/.m2/repository/org/springframework/boot/spring-boot-starter-json/2.0.0.RELEASE/spring-boot-starter-json-2.0.0.RELEASE.jar:/Users/alejandro/.m2/repository/com/fasterxml/jackson/core/jackson-databind/2.9.4/jackson-databind-2.9.4.jar:/Users/alejandro/.m2/repository/com/fasterxml/jackson/core/jackson-annotations/2.9.0/jackson-annotations-2.9.0.jar:/Users/alejandro/.m2/repository/com/fasterxml/jackson/core/jackson-core/2.9.4/jackson-core-2.9.4.jar:/Users/alejandro/.m2/repository/com/fasterxml/jackson/datatype/jackson-datatype-jdk8/2.9.4/jackson-datatype-jdk8-2.9.4.jar:/Users/alejandro/.m2/repository/com/fasterxml/jackson/datatype/jackson-datatype-jsr310/2.9.4/jackson-datatype-jsr310-2.9.4.jar:/Users/alejandro/.m2/repository/com/fasterxml/jackson/module/jackson-module-parameter-names/2.9.4/jackson-module-parameter-names-2.9.4.jar:/Users/alejandro/.m2/repository/org/springframework/boot/spring-boot-starter-tomcat/2.0.0.RELEASE/spring-boot-starter-tomcat-2.0.0.RELEASE.jar:/Users/alejandro/.m2/repository/org/apache/tomcat/embed/tomcat-embed-core/8.5.28/tomcat-embed-core-8.5.28.jar:/Users/alejandro/.m2/repository/org/apache/tomcat/embed/tomcat-embed-el/8.5.28/tomcat-embed-el-8.5.28.jar:/Users/alejandro/.m2/repository/org/apache/tomcat/embed/tomcat-embed-websocket/8.5.28/tomcat-embed-websocket-8.5.28.jar:/Users/alejandro/.m2/repository/org/hibernate/validator/hibernate-validator/6.0.7.Final/hibernate-validator-6.0.7.Final.jar:/Users/alejandro/.m2/repository/javax/validation/validation-api/2.0.1.Final/validation-api-2.0.1.Final.jar:/Users/alejandro/.m2/repository/org/jboss/logging/jboss-logging/3.3.2.Final/jboss-logging-3.3.2.Final.jar:/Users/alejandro/.m2/repository/com/fasterxml/classmate/1.3.4/classmate-1.3.4.jar:/Users/alejandro/.m2/repository/org/springframework/spring-web/5.0.4.RELEASE/spring-web-5.0.4.RELEASE.jar:/Users/alejandro/.m2/repository/org/springframework/spring-beans/5.0.4.RELEASE/spring-beans-5.0.4.RELEASE.jar:/Users/alejandro/.m2/repository/org/springframework/spring-webmvc/5.0.4.RELEASE/spring-webmvc-5.0.4.RELEASE.jar:/Users/alejandro/.m2/repository/org/springframework/spring-aop/5.0.4.RELEASE/spring-aop-5.0.4.RELEASE.jar:/Users/alejandro/.m2/repository/org/springframework/spring-expression/5.0.4.RELEASE/spring-expression-5.0.4.RELEASE.jar:/Users/alejandro/.m2/repository/org/springframework/boot/spring-boot-starter-web-services/2.0.0.RELEASE/spring-boot-starter-web-services-2.0.0.RELEASE.jar:/Users/alejandro/.m2/repository/org/springframework/spring-oxm/5.0.4.RELEASE/spring-oxm-5.0.4.RELEASE.jar:/Users/alejandro/.m2/repository/org/springframework/ws/spring-ws-core/3.0.0.RELEASE/spring-ws-core-3.0.0.RELEASE.jar:/Users/alejandro/.m2/repository/org/springframework/ws/spring-xml/3.0.0.RELEASE/spring-xml-3.0.0.RELEASE.jar:/Users/alejandro/.m2/repository/commons-io/commons-io/2.5/commons-io-2.5.jar:/Users/alejandro/.m2/repository/org/springframework/boot/spring-boot-starter-test/2.0.0.RELEASE/spring-boot-starter-test-2.0.0.RELEASE.jar:/Users/alejandro/.m2/repository/org/springframework/boot/spring-boot-test-autoconfigure/2.0.0.RELEASE/spring-boot-test-autoconfigure-2.0.0.RELEASE.jar:/Users/alejandro/.m2/repository/com/jayway/jsonpath/json-path/2.4.0/json-path-2.4.0.jar:/Users/alejandro/.m2/repository/net/minidev/json-smart/2.3/json-smart-2.3.jar:/Users/alejandro/.m2/repository/net/minidev/accessors-smart/1.2/accessors-smart-1.2.jar:/Users/alejandro/.m2/repository/org/ow2/asm/asm/5.0.4/asm-5.0.4.jar:/Users/alejandro/.m2/repository/org/slf4j/slf4j-api/1.7.25/slf4j-api-1.7.25.jar:/Users/alejandro/.m2/repository/junit/junit/4.12/junit-4.12.jar:/Users/alejandro/.m2/repository/org/assertj/assertj-core/3.9.1/assertj-core-3.9.1.jar:/Users/alejandro/.m2/repository/org/mockito/mockito-core/2.15.0/mockito-core-2.15.0.jar:/Users/alejandro/.m2/repository/net/bytebuddy/byte-buddy/1.7.10/byte-buddy-1.7.10.jar:/Users/alejandro/.m2/repository/net/bytebuddy/byte-buddy-agent/1.7.10/byte-buddy-agent-1.7.10.jar:/Users/alejandro/.m2/repository/org/objenesis/objenesis/2.6/objenesis-2.6.jar:/Users/alejandro/.m2/repository/org/hamcrest/hamcrest-core/1.3/hamcrest-core-1.3.jar:/Users/alejandro/.m2/repository/org/hamcrest/hamcrest-library/1.3/hamcrest-library-1.3.jar:/Users/alejandro/.m2/repository/org/skyscreamer/jsonassert/1.5.0/jsonassert-1.5.0.jar:/Users/alejandro/.m2/repository/com/vaadin/external/google/android-json/0.0.20131108.vaadin1/android-json-0.0.20131108.vaadin1.jar:/Users/alejandro/.m2/repository/org/springframework/spring-core/5.0.4.RELEASE/spring-core-5.0.4.RELEASE.jar:/Users/alejandro/.m2/repository/org/springframework/spring-jcl/5.0.4.RELEASE/spring-jcl-5.0.4.RELEASE.jar:/Users/alejandro/.m2/repository/org/springframework/spring-test/5.0.4.RELEASE/spring-test-5.0.4.RELEASE.jar:/Users/alejandro/.m2/repository/org/xmlunit/xmlunit-core/2.5.1/xmlunit-core-2.5.1.jar:/Users/alejandro/.m2/repository/org/springframework/boot/spring-boot-test/2.0.0.RELEASE/spring-boot-test-2.0.0.RELEASE.jar:/Users/alejandro/.m2/repository/org/springframework/boot/spring-boot/2.0.0.RELEASE/spring-boot-2.0.0.RELEASE.jar:/Users/alejandro/.m2/repository/org/springframework/boot/spring-boot-starter-data-jpa/2.0.0.RELEASE/spring-boot-starter-data-jpa-2.0.0.RELEASE.jar:/Users/alejandro/.m2/repository/org/springframework/boot/spring-boot-starter-aop/2.0.0.RELEASE/spring-boot-starter-aop-2.0.0.RELEASE.jar:/Users/alejandro/.m2/repository/org/aspectj/aspectjweaver/1.8.13/aspectjweaver-1.8.13.jar:/Users/alejandro/.m2/repository/org/springframework/boot/spring-boot-starter-jdbc/2.0.0.RELEASE/spring-boot-starter-jdbc-2.0.0.RELEASE.jar:/Users/alejandro/.m2/repository/com/zaxxer/HikariCP/2.7.8/HikariCP-2.7.8.jar:/Users/alejandro/.m2/repository/org/springframework/spring-jdbc/5.0.4.RELEASE/spring-jdbc-5.0.4.RELEASE.jar:/Users/alejandro/.m2/repository/org/hibernate/hibernate-core/5.2.14.Final/hibernate-core-5.2.14.Final.jar:/Users/alejandro/.m2/repository/org/hibernate/javax/persistence/hibernate-jpa-2.1-api/1.0.0.Final/hibernate-jpa-2.1-api-1.0.0.Final.jar:/Users/alejandro/.m2/repository/org/javassist/javassist/3.22.0-GA/javassist-3.22.0-GA.jar:/Users/alejandro/.m2/repository/antlr/antlr/2.7.7/antlr-2.7.7.jar:/Users/alejandro/.m2/repository/org/jboss/jandex/2.0.3.Final/jandex-2.0.3.Final.jar:/Users/alejandro/.m2/repository/dom4j/dom4j/1.6.1/dom4j-1.6.1.jar:/Users/alejandro/.m2/repository/org/hibernate/common/hibernate-commons-annotations/5.0.1.Final/hibernate-commons-annotations-5.0.1.Final.jar:/Users/alejandro/.m2/repository/javax/transaction/javax.transaction-api/1.2/javax.transaction-api-1.2.jar:/Users/alejandro/.m2/repository/org/springframework/data/spring-data-jpa/2.0.5.RELEASE/spring-data-jpa-2.0.5.RELEASE.jar:/Users/alejandro/.m2/repository/org/springframework/data/spring-data-commons/2.0.5.RELEASE/spring-data-commons-2.0.5.RELEASE.jar:/Users/alejandro/.m2/repository/org/springframework/spring-orm/5.0.4.RELEASE/spring-orm-5.0.4.RELEASE.jar:/Users/alejandro/.m2/repository/org/springframework/spring-aspects/5.0.4.RELEASE/spring-aspects-5.0.4.RELEASE.jar:/Users/alejandro/.m2/repository/org/springframework/kafka/spring-kafka/2.1.4.RELEASE/spring-kafka-2.1.4.RELEASE.jar:/Users/alejandro/.m2/repository/org/springframework/spring-context/5.0.4.RELEASE/spring-context-5.0.4.RELEASE.jar:/Users/alejandro/.m2/repository/org/springframework/spring-messaging/5.0.4.RELEASE/spring-messaging-5.0.4.RELEASE.jar:/Users/alejandro/.m2/repository/org/springframework/spring-tx/5.0.4.RELEASE/spring-tx-5.0.4.RELEASE.jar:/Users/alejandro/.m2/repository/org/springframework/retry/spring-retry/1.2.2.RELEASE/spring-retry-1.2.2.RELEASE.jar:/Users/alejandro/.m2/repository/org/apache/kafka/kafka-clients/1.0.0/kafka-clients-1.0.0.jar:/Users/alejandro/.m2/repository/org/lz4/lz4-java/1.4/lz4-java-1.4.jar:/Users/alejandro/.m2/repository/org/xerial/snappy/snappy-java/1.1.4/snappy-java-1.1.4.jar:/Users/alejandro/.m2/repository/com/google/code/gson/gson/2.3.1/gson-2.3.1.jar:/Users/alejandro/.m2/repository/org/jasypt/jasypt/1.9.2/jasypt-1.9.2.jar:/Users/alejandro/.m2/repository/com/h2database/h2/1.4.196/h2-1.4.196.jar:"/>
    <property name="java.vm.vendor" value="Oracle Corporation"/>
    <property name="sun.arch.data.model" value="64"/>
    <property name="java.vendor.url" value="http://java.oracle.com/"/>
    <property name="user.timezone" value=""/>
    <property name="user.country.format" value="ES"/>
    <property name="java.vm.specification.version" value="1.8"/>
    <property name="os.name" value="Mac OS X"/>
    <property name="user.country" value="US"/>
    <property name="sun.java.launcher" value="SUN_STANDARD"/>
    <property name="sun.boot.library.path" value="/Library/Java/JavaVirtualMachines/jdk1.8.0_71.jdk/Contents/Home/jre/lib"/>
    <property name="sun.java.command" value="/Users/alejandro/Documents/tercero/segundo_semestre/ASW/lab/InciManager_i2b/target/surefire/surefirebooter1634408863230834107.jar /Users/alejandro/Documents/tercero/segundo_semestre/ASW/lab/InciManager_i2b/target/surefire 2018-03-10T19-42-47_970-jvmRun1 surefire6142563881659291027tmp surefire_05202486977572577718tmp"/>
    <property name="http.nonProxyHosts" value="local|*.local|169.254/16|*.169.254/16"/>
    <property name="surefire.test.class.path" value="/Users/alejandro/Documents/tercero/segundo_semestre/ASW/lab/InciManager_i2b/target/test-classes:/Users/alejandro/Documents/tercero/segundo_semestre/ASW/lab/InciManager_i2b/target/classes:/Users/alejandro/.m2/repository/org/springframework/boot/spring-boot-starter-web/2.0.0.RELEASE/spring-boot-starter-web-2.0.0.RELEASE.jar:/Users/alejandro/.m2/repository/org/springframework/boot/spring-boot-starter/2.0.0.RELEASE/spring-boot-starter-2.0.0.RELEASE.jar:/Users/alejandro/.m2/repository/org/springframework/boot/spring-boot-autoconfigure/2.0.0.RELEASE/spring-boot-autoconfigure-2.0.0.RELEASE.jar:/Users/alejandro/.m2/repository/org/springframework/boot/spring-boot-starter-logging/2.0.0.RELEASE/spring-boot-starter-logging-2.0.0.RELEASE.jar:/Users/alejandro/.m2/repository/ch/qos/logback/logback-classic/1.2.3/logback-classic-1.2.3.jar:/Users/alejandro/.m2/repository/ch/qos/logback/logback-core/1.2.3/logback-core-1.2.3.jar:/Users/alejandro/.m2/repository/org/apache/logging/log4j/log4j-to-slf4j/2.10.0/log4j-to-slf4j-2.10.0.jar:/Users/alejandro/.m2/repository/org/apache/logging/log4j/log4j-api/2.10.0/log4j-api-2.10.0.jar:/Users/alejandro/.m2/repository/org/slf4j/jul-to-slf4j/1.7.25/jul-to-slf4j-1.7.25.jar:/Users/alejandro/.m2/repository/javax/annotation/javax.annotation-api/1.3.2/javax.annotation-api-1.3.2.jar:/Users/alejandro/.m2/repository/org/yaml/snakeyaml/1.19/snakeyaml-1.19.jar:/Users/alejandro/.m2/repository/org/springframework/boot/spring-boot-starter-json/2.0.0.RELEASE/spring-boot-starter-json-2.0.0.RELEASE.jar:/Users/alejandro/.m2/repository/com/fasterxml/jackson/core/jackson-databind/2.9.4/jackson-databind-2.9.4.jar:/Users/alejandro/.m2/repository/com/fasterxml/jackson/core/jackson-annotations/2.9.0/jackson-annotations-2.9.0.jar:/Users/alejandro/.m2/repository/com/fasterxml/jackson/core/jackson-core/2.9.4/jackson-core-2.9.4.jar:/Users/alejandro/.m2/repository/com/fasterxml/jackson/datatype/jackson-datatype-jdk8/2.9.4/jackson-datatype-jdk8-2.9.4.jar:/Users/alejandro/.m2/repository/com/fasterxml/jackson/datatype/jackson-datatype-jsr310/2.9.4/jackson-datatype-jsr310-2.9.4.jar:/Users/alejandro/.m2/repository/com/fasterxml/jackson/module/jackson-module-parameter-names/2.9.4/jackson-module-parameter-names-2.9.4.jar:/Users/alejandro/.m2/repository/org/springframework/boot/spring-boot-starter-tomcat/2.0.0.RELEASE/spring-boot-starter-tomcat-2.0.0.RELEASE.jar:/Users/alejandro/.m2/repository/org/apache/tomcat/embed/tomcat-embed-core/8.5.28/tomcat-embed-core-8.5.28.jar:/Users/alejandro/.m2/repository/org/apache/tomcat/embed/tomcat-embed-el/8.5.28/tomcat-embed-el-8.5.28.jar:/Users/alejandro/.m2/repository/org/apache/tomcat/embed/tomcat-embed-websocket/8.5.28/tomcat-embed-websocket-8.5.28.jar:/Users/alejandro/.m2/repository/org/hibernate/validator/hibernate-validator/6.0.7.Final/hibernate-validator-6.0.7.Final.jar:/Users/alejandro/.m2/repository/javax/validation/validation-api/2.0.1.Final/validation-api-2.0.1.Final.jar:/Users/alejandro/.m2/repository/org/jboss/logging/jboss-logging/3.3.2.Final/jboss-logging-3.3.2.Final.jar:/Users/alejandro/.m2/repository/com/fasterxml/classmate/1.3.4/classmate-1.3.4.jar:/Users/alejandro/.m2/repository/org/springframework/spring-web/5.0.4.RELEASE/spring-web-5.0.4.RELEASE.jar:/Users/alejandro/.m2/repository/org/springframework/spring-beans/5.0.4.RELEASE/spring-beans-5.0.4.RELEASE.jar:/Users/alejandro/.m2/repository/org/springframework/spring-webmvc/5.0.4.RELEASE/spring-webmvc-5.0.4.RELEASE.jar:/Users/alejandro/.m2/repository/org/springframework/spring-aop/5.0.4.RELEASE/spring-aop-5.0.4.RELEASE.jar:/Users/alejandro/.m2/repository/org/springframework/spring-expression/5.0.4.RELEASE/spring-expression-5.0.4.RELEASE.jar:/Users/alejandro/.m2/repository/org/springframework/boot/spring-boot-starter-web-services/2.0.0.RELEASE/spring-boot-starter-web-services-2.0.0.RELEASE.jar:/Users/alejandro/.m2/repository/org/springframework/spring-oxm/5.0.4.RELEASE/spring-oxm-5.0.4.RELEASE.jar:/Users/alejandro/.m2/repository/org/springframework/ws/spring-ws-core/3.0.0.RELEASE/spring-ws-core-3.0.0.RELEASE.jar:/Users/alejandro/.m2/repository/org/springframework/ws/spring-xml/3.0.0.RELEASE/spring-xml-3.0.0.RELEASE.jar:/Users/alejandro/.m2/repository/commons-io/commons-io/2.5/commons-io-2.5.jar:/Users/alejandro/.m2/repository/org/springframework/boot/spring-boot-starter-test/2.0.0.RELEASE/spring-boot-starter-test-2.0.0.RELEASE.jar:/Users/alejandro/.m2/repository/org/springframework/boot/spring-boot-test-autoconfigure/2.0.0.RELEASE/spring-boot-test-autoconfigure-2.0.0.RELEASE.jar:/Users/alejandro/.m2/repository/com/jayway/jsonpath/json-path/2.4.0/json-path-2.4.0.jar:/Users/alejandro/.m2/repository/net/minidev/json-smart/2.3/json-smart-2.3.jar:/Users/alejandro/.m2/repository/net/minidev/accessors-smart/1.2/accessors-smart-1.2.jar:/Users/alejandro/.m2/repository/org/ow2/asm/asm/5.0.4/asm-5.0.4.jar:/Users/alejandro/.m2/repository/org/slf4j/slf4j-api/1.7.25/slf4j-api-1.7.25.jar:/Users/alejandro/.m2/repository/junit/junit/4.12/junit-4.12.jar:/Users/alejandro/.m2/repository/org/assertj/assertj-core/3.9.1/assertj-core-3.9.1.jar:/Users/alejandro/.m2/repository/org/mockito/mockito-core/2.15.0/mockito-core-2.15.0.jar:/Users/alejandro/.m2/repository/net/bytebuddy/byte-buddy/1.7.10/byte-buddy-1.7.10.jar:/Users/alejandro/.m2/repository/net/bytebuddy/byte-buddy-agent/1.7.10/byte-buddy-agent-1.7.10.jar:/Users/alejandro/.m2/repository/org/objenesis/objenesis/2.6/objenesis-2.6.jar:/Users/alejandro/.m2/repository/org/hamcrest/hamcrest-core/1.3/hamcrest-core-1.3.jar:/Users/alejandro/.m2/repository/org/hamcrest/hamcrest-library/1.3/hamcrest-library-1.3.jar:/Users/alejandro/.m2/repository/org/skyscreamer/jsonassert/1.5.0/jsonassert-1.5.0.jar:/Users/alejandro/.m2/repository/com/vaadin/external/google/android-json/0.0.20131108.vaadin1/android-json-0.0.20131108.vaadin1.jar:/Users/alejandro/.m2/repository/org/springframework/spring-core/5.0.4.RELEASE/spring-core-5.0.4.RELEASE.jar:/Users/alejandro/.m2/repository/org/springframework/spring-jcl/5.0.4.RELEASE/spring-jcl-5.0.4.RELEASE.jar:/Users/alejandro/.m2/repository/org/springframework/spring-test/5.0.4.RELEASE/spring-test-5.0.4.RELEASE.jar:/Users/alejandro/.m2/repository/org/xmlunit/xmlunit-core/2.5.1/xmlunit-core-2.5.1.jar:/Users/alejandro/.m2/repository/org/springframework/boot/spring-boot-test/2.0.0.RELEASE/spring-boot-test-2.0.0.RELEASE.jar:/Users/alejandro/.m2/repository/org/springframework/boot/spring-boot/2.0.0.RELEASE/spring-boot-2.0.0.RELEASE.jar:/Users/alejandro/.m2/repository/org/springframework/boot/spring-boot-starter-data-jpa/2.0.0.RELEASE/spring-boot-starter-data-jpa-2.0.0.RELEASE.jar:/Users/alejandro/.m2/repository/org/springframework/boot/spring-boot-starter-aop/2.0.0.RELEASE/spring-boot-starter-aop-2.0.0.RELEASE.jar:/Users/alejandro/.m2/repository/org/aspectj/aspectjweaver/1.8.13/aspectjweaver-1.8.13.jar:/Users/alejandro/.m2/repository/org/springframework/boot/spring-boot-starter-jdbc/2.0.0.RELEASE/spring-boot-starter-jdbc-2.0.0.RELEASE.jar:/Users/alejandro/.m2/repository/com/zaxxer/HikariCP/2.7.8/HikariCP-2.7.8.jar:/Users/alejandro/.m2/repository/org/springframework/spring-jdbc/5.0.4.RELEASE/spring-jdbc-5.0.4.RELEASE.jar:/Users/alejandro/.m2/repository/org/hibernate/hibernate-core/5.2.14.Final/hibernate-core-5.2.14.Final.jar:/Users/alejandro/.m2/repository/org/hibernate/javax/persistence/hibernate-jpa-2.1-api/1.0.0.Final/hibernate-jpa-2.1-api-1.0.0.Final.jar:/Users/alejandro/.m2/repository/org/javassist/javassist/3.22.0-GA/javassist-3.22.0-GA.jar:/Users/alejandro/.m2/repository/antlr/antlr/2.7.7/antlr-2.7.7.jar:/Users/alejandro/.m2/repository/org/jboss/jandex/2.0.3.Final/jandex-2.0.3.Final.jar:/Users/alejandro/.m2/repository/dom4j/dom4j/1.6.1/dom4j-1.6.1.jar:/Users/alejandro/.m2/repository/org/hibernate/common/hibernate-commons-annotations/5.0.1.Final/hibernate-commons-annotations-5.0.1.Final.jar:/Users/alejandro/.m2/repository/javax/transaction/javax.transaction-api/1.2/javax.transaction-api-1.2.jar:/Users/alejandro/.m2/repository/org/springframework/data/spring-data-jpa/2.0.5.RELEASE/spring-data-jpa-2.0.5.RELEASE.jar:/Users/alejandro/.m2/repository/org/springframework/data/spring-data-commons/2.0.5.RELEASE/spring-data-commons-2.0.5.RELEASE.jar:/Users/alejandro/.m2/repository/org/springframework/spring-orm/5.0.4.RELEASE/spring-orm-5.0.4.RELEASE.jar:/Users/alejandro/.m2/repository/org/springframework/spring-aspects/5.0.4.RELEASE/spring-aspects-5.0.4.RELEASE.jar:/Users/alejandro/.m2/repository/org/springframework/kafka/spring-kafka/2.1.4.RELEASE/spring-kafka-2.1.4.RELEASE.jar:/Users/alejandro/.m2/repository/org/springframework/spring-context/5.0.4.RELEASE/spring-context-5.0.4.RELEASE.jar:/Users/alejandro/.m2/repository/org/springframework/spring-messaging/5.0.4.RELEASE/spring-messaging-5.0.4.RELEASE.jar:/Users/alejandro/.m2/repository/org/springframework/spring-tx/5.0.4.RELEASE/spring-tx-5.0.4.RELEASE.jar:/Users/alejandro/.m2/repository/org/springframework/retry/spring-retry/1.2.2.RELEASE/spring-retry-1.2.2.RELEASE.jar:/Users/alejandro/.m2/repository/org/apache/kafka/kafka-clients/1.0.0/kafka-clients-1.0.0.jar:/Users/alejandro/.m2/repository/org/lz4/lz4-java/1.4/lz4-java-1.4.jar:/Users/alejandro/.m2/repository/org/xerial/snappy/snappy-java/1.1.4/snappy-java-1.1.4.jar:/Users/alejandro/.m2/repository/com/google/code/gson/gson/2.3.1/gson-2.3.1.jar:/Users/alejandro/.m2/repository/org/jasypt/jasypt/1.9.2/jasypt-1.9.2.jar:/Users/alejandro/.m2/repository/com/h2database/h2/1.4.196/h2-1.4.196.jar:"/>
    <property name="sun.cpu.endian" value="little"/>
    <property name="user.home" value="/Users/alejandro"/>
    <property name="user.language" value="en"/>
    <property name="java.specification.vendor" value="Oracle Corporation"/>
    <property name="java.home" value="/Library/Java/JavaVirtualMachines/jdk1.8.0_71.jdk/Contents/Home/jre"/>
    <property name="basedir" value="/Users/alejandro/Documents/tercero/segundo_semestre/ASW/lab/InciManager_i2b"/>
    <property name="file.separator" value="/"/>
    <property name="line.separator" value="&#10;"/>
    <property name="java.vm.specification.vendor" value="Oracle Corporation"/>
    <property name="java.specification.name" value="Java Platform API Specification"/>
    <property name="java.awt.graphicsenv" value="sun.awt.CGraphicsEnvironment"/>
    <property name="surefire.real.class.path" value="/Users/alejandro/Documents/tercero/segundo_semestre/ASW/lab/InciManager_i2b/target/surefire/surefirebooter1634408863230834107.jar"/>
    <property name="sun.boot.class.path" value="/Library/Java/JavaVirtualMachines/jdk1.8.0_71.jdk/Contents/Home/jre/lib/resources.jar:/Library/Java/JavaVirtualMachines/jdk1.8.0_71.jdk/Contents/Home/jre/lib/rt.jar:/Library/Java/JavaVirtualMachines/jdk1.8.0_71.jdk/Contents/Home/jre/lib/sunrsasign.jar:/Library/Java/JavaVirtualMachines/jdk1.8.0_71.jdk/Contents/Home/jre/lib/jsse.jar:/Library/Java/JavaVirtualMachines/jdk1.8.0_71.jdk/Contents/Home/jre/lib/jce.jar:/Library/Java/JavaVirtualMachines/jdk1.8.0_71.jdk/Contents/Home/jre/lib/charsets.jar:/Library/Java/JavaVirtualMachines/jdk1.8.0_71.jdk/Contents/Home/jre/lib/jfr.jar:/Library/Java/JavaVirtualMachines/jdk1.8.0_71.jdk/Contents/Home/jre/classes"/>
    <property name="sun.management.compiler" value="HotSpot 64-Bit Tiered Compilers"/>
    <property name="ftp.nonProxyHosts" value="local|*.local|169.254/16|*.169.254/16"/>
    <property name="java.runtime.version" value="1.8.0_71-b15"/>
    <property name="user.name" value="alejandro"/>
    <property name="path.separator" value=":"/>
    <property name="os.version" value="10.12.6"/>
    <property name="java.endorsed.dirs" value="/Library/Java/JavaVirtualMachines/jdk1.8.0_71.jdk/Contents/Home/jre/lib/endorsed"/>
    <property name="java.runtime.name" value="Java(TM) SE Runtime Environment"/>
    <property name="file.encoding" value="UTF-8"/>
    <property name="java.vm.name" value="Java HotSpot(TM) 64-Bit Server VM"/>
    <property name="localRepository" value="/Users/alejandro/.m2/repository"/>
    <property name="java.vendor.url.bug" value="http://bugreport.sun.com/bugreport/"/>
    <property name="java.io.tmpdir" value="/var/folders/47/zcbst9492p51dqvwjpbrr5kh0000gn/T/"/>
    <property name="java.version" value="1.8.0_71"/>
    <property name="user.dir" value="/Users/alejandro/Documents/tercero/segundo_semestre/ASW/lab/InciManager_i2b"/>
    <property name="os.arch" value="x86_64"/>
    <property name="java.vm.specification.name" value="Java Virtual Machine Specification"/>
    <property name="java.awt.printerjob" value="sun.lwawt.macosx.CPrinterJob"/>
    <property name="sun.os.patch.level" value="unknown"/>
    <property name="java.library.path" value="/Users/alejandro/Library/Java/Extensions:/Library/Java/Extensions:/Network/Library/Java/Extensions:/System/Library/Java/Extensions:/usr/lib/java:."/>
    <property name="java.vm.info" value="mixed mode"/>
    <property name="java.vendor" value="Oracle Corporation"/>
    <property name="java.vm.version" value="25.71-b15"/>
    <property name="java.ext.dirs" value="/Users/alejandro/Library/Java/Extensions:/Library/Java/JavaVirtualMachines/jdk1.8.0_71.jdk/Contents/Home/jre/lib/ext:/Library/Java/Extensions:/Network/Library/Java/Extensions:/System/Library/Java/Extensions:/usr/lib/java"/>
    <property name="sun.io.unicode.encoding" value="UnicodeBig"/>
    <property name="java.class.version" value="52.0"/>
    <property name="socksNonProxyHosts" value="local|*.local|169.254/16|*.169.254/16"/>
  </properties>
  <testcase name="testProperties" classname="com.uniovi.entities.IncidentTest" time="0.039">
    <error message="Failed to load ApplicationContext" type="java.lang.IllegalStateException">java.lang.IllegalStateException: Failed to load ApplicationContext
Caused by: org.springframework.beans.factory.UnsatisfiedDependencyException: Error creating bean with name 'incidentController': Unsatisfied dependency expressed through field 'agentsService'; nested exception is org.springframework.beans.factory.NoSuchBeanDefinitionException: No qualifying bean of type 'com.uniovi.services.IAgentsService' available: expected at least 1 bean which qualifies as autowire candidate. Dependency annotations: {@org.springframework.beans.factory.annotation.Autowired(required=true), @org.springframework.beans.factory.annotation.Qualifier(value=DefaultAgentsService)}
Caused by: org.springframework.beans.factory.NoSuchBeanDefinitionException: No qualifying bean of type 'com.uniovi.services.IAgentsService' available: expected at least 1 bean which qualifies as autowire candidate. Dependency annotations: {@org.springframework.beans.factory.annotation.Autowired(required=true), @org.springframework.beans.factory.annotation.Qualifier(value=DefaultAgentsService)}
</error>
    <system-out><![CDATA[19:42:49.885 [main] DEBUG org.springframework.test.context.junit4.SpringJUnit4ClassRunner - SpringJUnit4ClassRunner constructor called with [class com.uniovi.entities.IncidentTest]
19:42:49.892 [main] DEBUG org.springframework.test.context.BootstrapUtils - Instantiating CacheAwareContextLoaderDelegate from class [org.springframework.test.context.cache.DefaultCacheAwareContextLoaderDelegate]
19:42:49.941 [main] DEBUG org.springframework.test.context.BootstrapUtils - Instantiating BootstrapContext using constructor [public org.springframework.test.context.support.DefaultBootstrapContext(java.lang.Class,org.springframework.test.context.CacheAwareContextLoaderDelegate)]
19:42:49.983 [main] DEBUG org.springframework.test.context.BootstrapUtils - Instantiating TestContextBootstrapper for test class [com.uniovi.entities.IncidentTest] from class [org.springframework.boot.test.context.SpringBootTestContextBootstrapper]
19:42:50.131 [main] INFO org.springframework.boot.test.context.SpringBootTestContextBootstrapper - Neither @ContextConfiguration nor @ContextHierarchy found for test class [com.uniovi.entities.IncidentTest], using SpringBootContextLoader
19:42:50.137 [main] DEBUG org.springframework.test.context.support.AbstractContextLoader - Did not detect default resource location for test class [com.uniovi.entities.IncidentTest]: class path resource [com/uniovi/entities/IncidentTest-context.xml] does not exist
19:42:50.137 [main] DEBUG org.springframework.test.context.support.AbstractContextLoader - Did not detect default resource location for test class [com.uniovi.entities.IncidentTest]: class path resource [com/uniovi/entities/IncidentTestContext.groovy] does not exist
19:42:50.137 [main] INFO org.springframework.test.context.support.AbstractContextLoader - Could not detect default resource locations for test class [com.uniovi.entities.IncidentTest]: no resource found for suffixes {-context.xml, Context.groovy}.
19:42:50.363 [main] DEBUG org.springframework.test.context.support.ActiveProfilesUtils - Could not find an 'annotation declaring class' for annotation type [org.springframework.test.context.ActiveProfiles] and class [com.uniovi.entities.IncidentTest]
19:42:50.717 [main] DEBUG org.springframework.boot.test.context.SpringBootTestContextBootstrapper - @TestExecutionListeners is not present for class [com.uniovi.entities.IncidentTest]: using defaults.
19:42:50.718 [main] INFO org.springframework.boot.test.context.SpringBootTestContextBootstrapper - Loaded default TestExecutionListener class names from location [META-INF/spring.factories]: [org.springframework.boot.test.autoconfigure.restdocs.RestDocsTestExecutionListener, org.springframework.boot.test.autoconfigure.web.client.MockRestServiceServerResetTestExecutionListener, org.springframework.boot.test.autoconfigure.web.servlet.MockMvcPrintOnlyOnFailureTestExecutionListener, org.springframework.boot.test.autoconfigure.web.servlet.WebDriverTestExecutionListener, org.springframework.test.context.web.ServletTestExecutionListener, org.springframework.test.context.support.DirtiesContextBeforeModesTestExecutionListener, org.springframework.test.context.support.DependencyInjectionTestExecutionListener, org.springframework.test.context.support.DirtiesContextTestExecutionListener, org.springframework.test.context.transaction.TransactionalTestExecutionListener, org.springframework.test.context.jdbc.SqlScriptsTestExecutionListener, org.springframework.boot.test.mock.mockito.MockitoTestExecutionListener, org.springframework.boot.test.mock.mockito.ResetMocksTestExecutionListener]
19:42:50.787 [main] INFO org.springframework.boot.test.context.SpringBootTestContextBootstrapper - Using TestExecutionListeners: [org.springframework.test.context.web.ServletTestExecutionListener@5b239d7d, org.springframework.test.context.support.DirtiesContextBeforeModesTestExecutionListener@6572421, org.springframework.boot.test.mock.mockito.MockitoTestExecutionListener@6b81ce95, org.springframework.boot.test.autoconfigure.SpringBootDependencyInjectionTestExecutionListener@2a798d51, org.springframework.test.context.support.DirtiesContextTestExecutionListener@6d763516, org.springframework.test.context.transaction.TransactionalTestExecutionListener@52bf72b5, org.springframework.test.context.jdbc.SqlScriptsTestExecutionListener@37afeb11, org.springframework.boot.test.autoconfigure.restdocs.RestDocsTestExecutionListener@515aebb0, org.springframework.boot.test.autoconfigure.web.client.MockRestServiceServerResetTestExecutionListener@dd8ba08, org.springframework.boot.test.autoconfigure.web.servlet.MockMvcPrintOnlyOnFailureTestExecutionListener@245b4bdc, org.springframework.boot.test.autoconfigure.web.servlet.WebDriverTestExecutionListener@6c64cb25, org.springframework.boot.test.mock.mockito.ResetMocksTestExecutionListener@6ae5aa72]
19:42:50.799 [main] DEBUG org.springframework.test.annotation.ProfileValueUtils - Retrieved @ProfileValueSourceConfiguration [null] for test class [com.uniovi.entities.IncidentTest]
19:42:50.800 [main] DEBUG org.springframework.test.annotation.ProfileValueUtils - Retrieved ProfileValueSource type [class org.springframework.test.annotation.SystemProfileValueSource] for class [com.uniovi.entities.IncidentTest]
19:42:50.800 [main] DEBUG org.springframework.test.annotation.ProfileValueUtils - Retrieved @ProfileValueSourceConfiguration [null] for test class [com.uniovi.entities.IncidentTest]
19:42:50.800 [main] DEBUG org.springframework.test.annotation.ProfileValueUtils - Retrieved ProfileValueSource type [class org.springframework.test.annotation.SystemProfileValueSource] for class [com.uniovi.entities.IncidentTest]
19:42:50.815 [main] DEBUG org.springframework.test.annotation.ProfileValueUtils - Retrieved @ProfileValueSourceConfiguration [null] for test class [com.uniovi.entities.IncidentTest]
19:42:50.815 [main] DEBUG org.springframework.test.annotation.ProfileValueUtils - Retrieved ProfileValueSource type [class org.springframework.test.annotation.SystemProfileValueSource] for class [com.uniovi.entities.IncidentTest]
19:42:50.827 [main] DEBUG org.springframework.test.context.support.AbstractDirtiesContextTestExecutionListener - Before test class: context [DefaultTestContext@57a3af25 testClass = IncidentTest, testInstance = [null], testMethod = [null], testException = [null], mergedContextConfiguration = [WebMergedContextConfiguration@2b662a77 testClass = IncidentTest, locations = '{}', classes = '{class com.uniovi.InciManagerI2bApplication, class com.uniovi.InciManagerI2bApplication}', contextInitializerClasses = '[]', activeProfiles = '{}', propertySourceLocations = '{}', propertySourceProperties = '{org.springframework.boot.test.context.SpringBootTestContextBootstrapper=true}', contextCustomizers = set[org.springframework.boot.test.autoconfigure.properties.PropertyMappingContextCustomizer@0, org.springframework.boot.test.autoconfigure.web.servlet.WebDriverContextCustomizerFactory$Customizer@a74868d, org.springframework.boot.test.context.filter.ExcludeFilterContextCustomizer@4fb64261, org.springframework.boot.test.json.DuplicateJsonObjectContextCustomizerFactory$DuplicateJsonObjectContextCustomizer@1990a65e, org.springframework.boot.test.mock.mockito.MockitoContextCustomizer@0, org.springframework.boot.test.web.client.TestRestTemplateContextCustomizer@548ad73b], resourceBasePath = 'src/main/webapp', contextLoader = 'org.springframework.boot.test.context.SpringBootContextLoader', parent = [null]], attributes = map['org.springframework.test.context.web.ServletTestExecutionListener.activateListener' -> true]], class annotated with @DirtiesContext [false] with mode [null].
19:42:50.828 [main] DEBUG org.springframework.test.annotation.ProfileValueUtils - Retrieved @ProfileValueSourceConfiguration [null] for test class [com.uniovi.entities.IncidentTest]
19:42:50.828 [main] DEBUG org.springframework.test.annotation.ProfileValueUtils - Retrieved ProfileValueSource type [class org.springframework.test.annotation.SystemProfileValueSource] for class [com.uniovi.entities.IncidentTest]
19:42:50.891 [main] DEBUG org.springframework.core.env.StandardEnvironment - Adding PropertySource 'systemProperties' with lowest search precedence
19:42:50.891 [main] DEBUG org.springframework.core.env.StandardEnvironment - Adding PropertySource 'systemEnvironment' with lowest search precedence
19:42:50.891 [main] DEBUG org.springframework.core.env.StandardEnvironment - Initialized StandardEnvironment with PropertySources [MapPropertySource@30578394 {name='systemProperties', properties={java.runtime.name=Java(TM) SE Runtime Environment, sun.boot.library.path=/Library/Java/JavaVirtualMachines/jdk1.8.0_71.jdk/Contents/Home/jre/lib, java.vm.version=25.71-b15, user.country.format=ES, gopherProxySet=false, java.vm.vendor=Oracle Corporation, java.vendor.url=http://java.oracle.com/, path.separator=:, java.vm.name=Java HotSpot(TM) 64-Bit Server VM, file.encoding.pkg=sun.io, user.country=US, sun.java.launcher=SUN_STANDARD, sun.os.patch.level=unknown, java.vm.specification.name=Java Virtual Machine Specification, user.dir=/Users/alejandro/Documents/tercero/segundo_semestre/ASW/lab/InciManager_i2b, java.runtime.version=1.8.0_71-b15, basedir=/Users/alejandro/Documents/tercero/segundo_semestre/ASW/lab/InciManager_i2b, java.awt.graphicsenv=sun.awt.CGraphicsEnvironment, java.endorsed.dirs=/Library/Java/JavaVirtualMachines/jdk1.8.0_71.jdk/Contents/Home/jre/lib/endorsed, os.arch=x86_64, surefire.real.class.path=/Users/alejandro/Documents/tercero/segundo_semestre/ASW/lab/InciManager_i2b/target/surefire/surefirebooter1634408863230834107.jar, java.io.tmpdir=/var/folders/47/zcbst9492p51dqvwjpbrr5kh0000gn/T/, line.separator=
, java.vm.specification.vendor=Oracle Corporation, os.name=Mac OS X, sun.jnu.encoding=UTF-8, java.library.path=/Users/alejandro/Library/Java/Extensions:/Library/Java/Extensions:/Network/Library/Java/Extensions:/System/Library/Java/Extensions:/usr/lib/java:., surefire.test.class.path=/Users/alejandro/Documents/tercero/segundo_semestre/ASW/lab/InciManager_i2b/target/test-classes:/Users/alejandro/Documents/tercero/segundo_semestre/ASW/lab/InciManager_i2b/target/classes:/Users/alejandro/.m2/repository/org/springframework/boot/spring-boot-starter-web/2.0.0.RELEASE/spring-boot-starter-web-2.0.0.RELEASE.jar:/Users/alejandro/.m2/repository/org/springframework/boot/spring-boot-starter/2.0.0.RELEASE/spring-boot-starter-2.0.0.RELEASE.jar:/Users/alejandro/.m2/repository/org/springframework/boot/spring-boot-autoconfigure/2.0.0.RELEASE/spring-boot-autoconfigure-2.0.0.RELEASE.jar:/Users/alejandro/.m2/repository/org/springframework/boot/spring-boot-starter-logging/2.0.0.RELEASE/spring-boot-starter-logging-2.0.0.RELEASE.jar:/Users/alejandro/.m2/repository/ch/qos/logback/logback-classic/1.2.3/logback-classic-1.2.3.jar:/Users/alejandro/.m2/repository/ch/qos/logback/logback-core/1.2.3/logback-core-1.2.3.jar:/Users/alejandro/.m2/repository/org/apache/logging/log4j/log4j-to-slf4j/2.10.0/log4j-to-slf4j-2.10.0.jar:/Users/alejandro/.m2/repository/org/apache/logging/log4j/log4j-api/2.10.0/log4j-api-2.10.0.jar:/Users/alejandro/.m2/repository/org/slf4j/jul-to-slf4j/1.7.25/jul-to-slf4j-1.7.25.jar:/Users/alejandro/.m2/repository/javax/annotation/javax.annotation-api/1.3.2/javax.annotation-api-1.3.2.jar:/Users/alejandro/.m2/repository/org/yaml/snakeyaml/1.19/snakeyaml-1.19.jar:/Users/alejandro/.m2/repository/org/springframework/boot/spring-boot-starter-json/2.0.0.RELEASE/spring-boot-starter-json-2.0.0.RELEASE.jar:/Users/alejandro/.m2/repository/com/fasterxml/jackson/core/jackson-databind/2.9.4/jackson-databind-2.9.4.jar:/Users/alejandro/.m2/repository/com/fasterxml/jackson/core/jackson-annotations/2.9.0/jackson-annotations-2.9.0.jar:/Users/alejandro/.m2/repository/com/fasterxml/jackson/core/jackson-core/2.9.4/jackson-core-2.9.4.jar:/Users/alejandro/.m2/repository/com/fasterxml/jackson/datatype/jackson-datatype-jdk8/2.9.4/jackson-datatype-jdk8-2.9.4.jar:/Users/alejandro/.m2/repository/com/fasterxml/jackson/datatype/jackson-datatype-jsr310/2.9.4/jackson-datatype-jsr310-2.9.4.jar:/Users/alejandro/.m2/repository/com/fasterxml/jackson/module/jackson-module-parameter-names/2.9.4/jackson-module-parameter-names-2.9.4.jar:/Users/alejandro/.m2/repository/org/springframework/boot/spring-boot-starter-tomcat/2.0.0.RELEASE/spring-boot-starter-tomcat-2.0.0.RELEASE.jar:/Users/alejandro/.m2/repository/org/apache/tomcat/embed/tomcat-embed-core/8.5.28/tomcat-embed-core-8.5.28.jar:/Users/alejandro/.m2/repository/org/apache/tomcat/embed/tomcat-embed-el/8.5.28/tomcat-embed-el-8.5.28.jar:/Users/alejandro/.m2/repository/org/apache/tomcat/embed/tomcat-embed-websocket/8.5.28/tomcat-embed-websocket-8.5.28.jar:/Users/alejandro/.m2/repository/org/hibernate/validator/hibernate-validator/6.0.7.Final/hibernate-validator-6.0.7.Final.jar:/Users/alejandro/.m2/repository/javax/validation/validation-api/2.0.1.Final/validation-api-2.0.1.Final.jar:/Users/alejandro/.m2/repository/org/jboss/logging/jboss-logging/3.3.2.Final/jboss-logging-3.3.2.Final.jar:/Users/alejandro/.m2/repository/com/fasterxml/classmate/1.3.4/classmate-1.3.4.jar:/Users/alejandro/.m2/repository/org/springframework/spring-web/5.0.4.RELEASE/spring-web-5.0.4.RELEASE.jar:/Users/alejandro/.m2/repository/org/springframework/spring-beans/5.0.4.RELEASE/spring-beans-5.0.4.RELEASE.jar:/Users/alejandro/.m2/repository/org/springframework/spring-webmvc/5.0.4.RELEASE/spring-webmvc-5.0.4.RELEASE.jar:/Users/alejandro/.m2/repository/org/springframework/spring-aop/5.0.4.RELEASE/spring-aop-5.0.4.RELEASE.jar:/Users/alejandro/.m2/repository/org/springframework/spring-expression/5.0.4.RELEASE/spring-expression-5.0.4.RELEASE.jar:/Users/alejandro/.m2/repository/org/springframework/boot/spring-boot-starter-web-services/2.0.0.RELEASE/spring-boot-starter-web-services-2.0.0.RELEASE.jar:/Users/alejandro/.m2/repository/org/springframework/spring-oxm/5.0.4.RELEASE/spring-oxm-5.0.4.RELEASE.jar:/Users/alejandro/.m2/repository/org/springframework/ws/spring-ws-core/3.0.0.RELEASE/spring-ws-core-3.0.0.RELEASE.jar:/Users/alejandro/.m2/repository/org/springframework/ws/spring-xml/3.0.0.RELEASE/spring-xml-3.0.0.RELEASE.jar:/Users/alejandro/.m2/repository/commons-io/commons-io/2.5/commons-io-2.5.jar:/Users/alejandro/.m2/repository/org/springframework/boot/spring-boot-starter-test/2.0.0.RELEASE/spring-boot-starter-test-2.0.0.RELEASE.jar:/Users/alejandro/.m2/repository/org/springframework/boot/spring-boot-test-autoconfigure/2.0.0.RELEASE/spring-boot-test-autoconfigure-2.0.0.RELEASE.jar:/Users/alejandro/.m2/repository/com/jayway/jsonpath/json-path/2.4.0/json-path-2.4.0.jar:/Users/alejandro/.m2/repository/net/minidev/json-smart/2.3/json-smart-2.3.jar:/Users/alejandro/.m2/repository/net/minidev/accessors-smart/1.2/accessors-smart-1.2.jar:/Users/alejandro/.m2/repository/org/ow2/asm/asm/5.0.4/asm-5.0.4.jar:/Users/alejandro/.m2/repository/org/slf4j/slf4j-api/1.7.25/slf4j-api-1.7.25.jar:/Users/alejandro/.m2/repository/junit/junit/4.12/junit-4.12.jar:/Users/alejandro/.m2/repository/org/assertj/assertj-core/3.9.1/assertj-core-3.9.1.jar:/Users/alejandro/.m2/repository/org/mockito/mockito-core/2.15.0/mockito-core-2.15.0.jar:/Users/alejandro/.m2/repository/net/bytebuddy/byte-buddy/1.7.10/byte-buddy-1.7.10.jar:/Users/alejandro/.m2/repository/net/bytebuddy/byte-buddy-agent/1.7.10/byte-buddy-agent-1.7.10.jar:/Users/alejandro/.m2/repository/org/objenesis/objenesis/2.6/objenesis-2.6.jar:/Users/alejandro/.m2/repository/org/hamcrest/hamcrest-core/1.3/hamcrest-core-1.3.jar:/Users/alejandro/.m2/repository/org/hamcrest/hamcrest-library/1.3/hamcrest-library-1.3.jar:/Users/alejandro/.m2/repository/org/skyscreamer/jsonassert/1.5.0/jsonassert-1.5.0.jar:/Users/alejandro/.m2/repository/com/vaadin/external/google/android-json/0.0.20131108.vaadin1/android-json-0.0.20131108.vaadin1.jar:/Users/alejandro/.m2/repository/org/springframework/spring-core/5.0.4.RELEASE/spring-core-5.0.4.RELEASE.jar:/Users/alejandro/.m2/repository/org/springframework/spring-jcl/5.0.4.RELEASE/spring-jcl-5.0.4.RELEASE.jar:/Users/alejandro/.m2/repository/org/springframework/spring-test/5.0.4.RELEASE/spring-test-5.0.4.RELEASE.jar:/Users/alejandro/.m2/repository/org/xmlunit/xmlunit-core/2.5.1/xmlunit-core-2.5.1.jar:/Users/alejandro/.m2/repository/org/springframework/boot/spring-boot-test/2.0.0.RELEASE/spring-boot-test-2.0.0.RELEASE.jar:/Users/alejandro/.m2/repository/org/springframework/boot/spring-boot/2.0.0.RELEASE/spring-boot-2.0.0.RELEASE.jar:/Users/alejandro/.m2/repository/org/springframework/boot/spring-boot-starter-data-jpa/2.0.0.RELEASE/spring-boot-starter-data-jpa-2.0.0.RELEASE.jar:/Users/alejandro/.m2/repository/org/springframework/boot/spring-boot-starter-aop/2.0.0.RELEASE/spring-boot-starter-aop-2.0.0.RELEASE.jar:/Users/alejandro/.m2/repository/org/aspectj/aspectjweaver/1.8.13/aspectjweaver-1.8.13.jar:/Users/alejandro/.m2/repository/org/springframework/boot/spring-boot-starter-jdbc/2.0.0.RELEASE/spring-boot-starter-jdbc-2.0.0.RELEASE.jar:/Users/alejandro/.m2/repository/com/zaxxer/HikariCP/2.7.8/HikariCP-2.7.8.jar:/Users/alejandro/.m2/repository/org/springframework/spring-jdbc/5.0.4.RELEASE/spring-jdbc-5.0.4.RELEASE.jar:/Users/alejandro/.m2/repository/org/hibernate/hibernate-core/5.2.14.Final/hibernate-core-5.2.14.Final.jar:/Users/alejandro/.m2/repository/org/hibernate/javax/persistence/hibernate-jpa-2.1-api/1.0.0.Final/hibernate-jpa-2.1-api-1.0.0.Final.jar:/Users/alejandro/.m2/repository/org/javassist/javassist/3.22.0-GA/javassist-3.22.0-GA.jar:/Users/alejandro/.m2/repository/antlr/antlr/2.7.7/antlr-2.7.7.jar:/Users/alejandro/.m2/repository/org/jboss/jandex/2.0.3.Final/jandex-2.0.3.Final.jar:/Users/alejandro/.m2/repository/dom4j/dom4j/1.6.1/dom4j-1.6.1.jar:/Users/alejandro/.m2/repository/org/hibernate/common/hibernate-commons-annotations/5.0.1.Final/hibernate-commons-annotations-5.0.1.Final.jar:/Users/alejandro/.m2/repository/javax/transaction/javax.transaction-api/1.2/javax.transaction-api-1.2.jar:/Users/alejandro/.m2/repository/org/springframework/data/spring-data-jpa/2.0.5.RELEASE/spring-data-jpa-2.0.5.RELEASE.jar:/Users/alejandro/.m2/repository/org/springframework/data/spring-data-commons/2.0.5.RELEASE/spring-data-commons-2.0.5.RELEASE.jar:/Users/alejandro/.m2/repository/org/springframework/spring-orm/5.0.4.RELEASE/spring-orm-5.0.4.RELEASE.jar:/Users/alejandro/.m2/repository/org/springframework/spring-aspects/5.0.4.RELEASE/spring-aspects-5.0.4.RELEASE.jar:/Users/alejandro/.m2/repository/org/springframework/kafka/spring-kafka/2.1.4.RELEASE/spring-kafka-2.1.4.RELEASE.jar:/Users/alejandro/.m2/repository/org/springframework/spring-context/5.0.4.RELEASE/spring-context-5.0.4.RELEASE.jar:/Users/alejandro/.m2/repository/org/springframework/spring-messaging/5.0.4.RELEASE/spring-messaging-5.0.4.RELEASE.jar:/Users/alejandro/.m2/repository/org/springframework/spring-tx/5.0.4.RELEASE/spring-tx-5.0.4.RELEASE.jar:/Users/alejandro/.m2/repository/org/springframework/retry/spring-retry/1.2.2.RELEASE/spring-retry-1.2.2.RELEASE.jar:/Users/alejandro/.m2/repository/org/apache/kafka/kafka-clients/1.0.0/kafka-clients-1.0.0.jar:/Users/alejandro/.m2/repository/org/lz4/lz4-java/1.4/lz4-java-1.4.jar:/Users/alejandro/.m2/repository/org/xerial/snappy/snappy-java/1.1.4/snappy-java-1.1.4.jar:/Users/alejandro/.m2/repository/com/google/code/gson/gson/2.3.1/gson-2.3.1.jar:/Users/alejandro/.m2/repository/org/jasypt/jasypt/1.9.2/jasypt-1.9.2.jar:/Users/alejandro/.m2/repository/com/h2database/h2/1.4.196/h2-1.4.196.jar:, java.specification.name=Java Platform API Specification, java.class.version=52.0, sun.management.compiler=HotSpot 64-Bit Tiered Compilers, os.version=10.12.6, http.nonProxyHosts=local|*.local|169.254/16|*.169.254/16, user.home=/Users/alejandro, user.timezone=Europe/Madrid, java.awt.printerjob=sun.lwawt.macosx.CPrinterJob, file.encoding=UTF-8, java.specification.version=1.8, java.class.path=/Users/alejandro/Documents/tercero/segundo_semestre/ASW/lab/InciManager_i2b/target/test-classes:/Users/alejandro/Documents/tercero/segundo_semestre/ASW/lab/InciManager_i2b/target/classes:/Users/alejandro/.m2/repository/org/springframework/boot/spring-boot-starter-web/2.0.0.RELEASE/spring-boot-starter-web-2.0.0.RELEASE.jar:/Users/alejandro/.m2/repository/org/springframework/boot/spring-boot-starter/2.0.0.RELEASE/spring-boot-starter-2.0.0.RELEASE.jar:/Users/alejandro/.m2/repository/org/springframework/boot/spring-boot-autoconfigure/2.0.0.RELEASE/spring-boot-autoconfigure-2.0.0.RELEASE.jar:/Users/alejandro/.m2/repository/org/springframework/boot/spring-boot-starter-logging/2.0.0.RELEASE/spring-boot-starter-logging-2.0.0.RELEASE.jar:/Users/alejandro/.m2/repository/ch/qos/logback/logback-classic/1.2.3/logback-classic-1.2.3.jar:/Users/alejandro/.m2/repository/ch/qos/logback/logback-core/1.2.3/logback-core-1.2.3.jar:/Users/alejandro/.m2/repository/org/apache/logging/log4j/log4j-to-slf4j/2.10.0/log4j-to-slf4j-2.10.0.jar:/Users/alejandro/.m2/repository/org/apache/logging/log4j/log4j-api/2.10.0/log4j-api-2.10.0.jar:/Users/alejandro/.m2/repository/org/slf4j/jul-to-slf4j/1.7.25/jul-to-slf4j-1.7.25.jar:/Users/alejandro/.m2/repository/javax/annotation/javax.annotation-api/1.3.2/javax.annotation-api-1.3.2.jar:/Users/alejandro/.m2/repository/org/yaml/snakeyaml/1.19/snakeyaml-1.19.jar:/Users/alejandro/.m2/repository/org/springframework/boot/spring-boot-starter-json/2.0.0.RELEASE/spring-boot-starter-json-2.0.0.RELEASE.jar:/Users/alejandro/.m2/repository/com/fasterxml/jackson/core/jackson-databind/2.9.4/jackson-databind-2.9.4.jar:/Users/alejandro/.m2/repository/com/fasterxml/jackson/core/jackson-annotations/2.9.0/jackson-annotations-2.9.0.jar:/Users/alejandro/.m2/repository/com/fasterxml/jackson/core/jackson-core/2.9.4/jackson-core-2.9.4.jar:/Users/alejandro/.m2/repository/com/fasterxml/jackson/datatype/jackson-datatype-jdk8/2.9.4/jackson-datatype-jdk8-2.9.4.jar:/Users/alejandro/.m2/repository/com/fasterxml/jackson/datatype/jackson-datatype-jsr310/2.9.4/jackson-datatype-jsr310-2.9.4.jar:/Users/alejandro/.m2/repository/com/fasterxml/jackson/module/jackson-module-parameter-names/2.9.4/jackson-module-parameter-names-2.9.4.jar:/Users/alejandro/.m2/repository/org/springframework/boot/spring-boot-starter-tomcat/2.0.0.RELEASE/spring-boot-starter-tomcat-2.0.0.RELEASE.jar:/Users/alejandro/.m2/repository/org/apache/tomcat/embed/tomcat-embed-core/8.5.28/tomcat-embed-core-8.5.28.jar:/Users/alejandro/.m2/repository/org/apache/tomcat/embed/tomcat-embed-el/8.5.28/tomcat-embed-el-8.5.28.jar:/Users/alejandro/.m2/repository/org/apache/tomcat/embed/tomcat-embed-websocket/8.5.28/tomcat-embed-websocket-8.5.28.jar:/Users/alejandro/.m2/repository/org/hibernate/validator/hibernate-validator/6.0.7.Final/hibernate-validator-6.0.7.Final.jar:/Users/alejandro/.m2/repository/javax/validation/validation-api/2.0.1.Final/validation-api-2.0.1.Final.jar:/Users/alejandro/.m2/repository/org/jboss/logging/jboss-logging/3.3.2.Final/jboss-logging-3.3.2.Final.jar:/Users/alejandro/.m2/repository/com/fasterxml/classmate/1.3.4/classmate-1.3.4.jar:/Users/alejandro/.m2/repository/org/springframework/spring-web/5.0.4.RELEASE/spring-web-5.0.4.RELEASE.jar:/Users/alejandro/.m2/repository/org/springframework/spring-beans/5.0.4.RELEASE/spring-beans-5.0.4.RELEASE.jar:/Users/alejandro/.m2/repository/org/springframework/spring-webmvc/5.0.4.RELEASE/spring-webmvc-5.0.4.RELEASE.jar:/Users/alejandro/.m2/repository/org/springframework/spring-aop/5.0.4.RELEASE/spring-aop-5.0.4.RELEASE.jar:/Users/alejandro/.m2/repository/org/springframework/spring-expression/5.0.4.RELEASE/spring-expression-5.0.4.RELEASE.jar:/Users/alejandro/.m2/repository/org/springframework/boot/spring-boot-starter-web-services/2.0.0.RELEASE/spring-boot-starter-web-services-2.0.0.RELEASE.jar:/Users/alejandro/.m2/repository/org/springframework/spring-oxm/5.0.4.RELEASE/spring-oxm-5.0.4.RELEASE.jar:/Users/alejandro/.m2/repository/org/springframework/ws/spring-ws-core/3.0.0.RELEASE/spring-ws-core-3.0.0.RELEASE.jar:/Users/alejandro/.m2/repository/org/springframework/ws/spring-xml/3.0.0.RELEASE/spring-xml-3.0.0.RELEASE.jar:/Users/alejandro/.m2/repository/commons-io/commons-io/2.5/commons-io-2.5.jar:/Users/alejandro/.m2/repository/org/springframework/boot/spring-boot-starter-test/2.0.0.RELEASE/spring-boot-starter-test-2.0.0.RELEASE.jar:/Users/alejandro/.m2/repository/org/springframework/boot/spring-boot-test-autoconfigure/2.0.0.RELEASE/spring-boot-test-autoconfigure-2.0.0.RELEASE.jar:/Users/alejandro/.m2/repository/com/jayway/jsonpath/json-path/2.4.0/json-path-2.4.0.jar:/Users/alejandro/.m2/repository/net/minidev/json-smart/2.3/json-smart-2.3.jar:/Users/alejandro/.m2/repository/net/minidev/accessors-smart/1.2/accessors-smart-1.2.jar:/Users/alejandro/.m2/repository/org/ow2/asm/asm/5.0.4/asm-5.0.4.jar:/Users/alejandro/.m2/repository/org/slf4j/slf4j-api/1.7.25/slf4j-api-1.7.25.jar:/Users/alejandro/.m2/repository/junit/junit/4.12/junit-4.12.jar:/Users/alejandro/.m2/repository/org/assertj/assertj-core/3.9.1/assertj-core-3.9.1.jar:/Users/alejandro/.m2/repository/org/mockito/mockito-core/2.15.0/mockito-core-2.15.0.jar:/Users/alejandro/.m2/repository/net/bytebuddy/byte-buddy/1.7.10/byte-buddy-1.7.10.jar:/Users/alejandro/.m2/repository/net/bytebuddy/byte-buddy-agent/1.7.10/byte-buddy-agent-1.7.10.jar:/Users/alejandro/.m2/repository/org/objenesis/objenesis/2.6/objenesis-2.6.jar:/Users/alejandro/.m2/repository/org/hamcrest/hamcrest-core/1.3/hamcrest-core-1.3.jar:/Users/alejandro/.m2/repository/org/hamcrest/hamcrest-library/1.3/hamcrest-library-1.3.jar:/Users/alejandro/.m2/repository/org/skyscreamer/jsonassert/1.5.0/jsonassert-1.5.0.jar:/Users/alejandro/.m2/repository/com/vaadin/external/google/android-json/0.0.20131108.vaadin1/android-json-0.0.20131108.vaadin1.jar:/Users/alejandro/.m2/repository/org/springframework/spring-core/5.0.4.RELEASE/spring-core-5.0.4.RELEASE.jar:/Users/alejandro/.m2/repository/org/springframework/spring-jcl/5.0.4.RELEASE/spring-jcl-5.0.4.RELEASE.jar:/Users/alejandro/.m2/repository/org/springframework/spring-test/5.0.4.RELEASE/spring-test-5.0.4.RELEASE.jar:/Users/alejandro/.m2/repository/org/xmlunit/xmlunit-core/2.5.1/xmlunit-core-2.5.1.jar:/Users/alejandro/.m2/repository/org/springframework/boot/spring-boot-test/2.0.0.RELEASE/spring-boot-test-2.0.0.RELEASE.jar:/Users/alejandro/.m2/repository/org/springframework/boot/spring-boot/2.0.0.RELEASE/spring-boot-2.0.0.RELEASE.jar:/Users/alejandro/.m2/repository/org/springframework/boot/spring-boot-starter-data-jpa/2.0.0.RELEASE/spring-boot-starter-data-jpa-2.0.0.RELEASE.jar:/Users/alejandro/.m2/repository/org/springframework/boot/spring-boot-starter-aop/2.0.0.RELEASE/spring-boot-starter-aop-2.0.0.RELEASE.jar:/Users/alejandro/.m2/repository/org/aspectj/aspectjweaver/1.8.13/aspectjweaver-1.8.13.jar:/Users/alejandro/.m2/repository/org/springframework/boot/spring-boot-starter-jdbc/2.0.0.RELEASE/spring-boot-starter-jdbc-2.0.0.RELEASE.jar:/Users/alejandro/.m2/repository/com/zaxxer/HikariCP/2.7.8/HikariCP-2.7.8.jar:/Users/alejandro/.m2/repository/org/springframework/spring-jdbc/5.0.4.RELEASE/spring-jdbc-5.0.4.RELEASE.jar:/Users/alejandro/.m2/repository/org/hibernate/hibernate-core/5.2.14.Final/hibernate-core-5.2.14.Final.jar:/Users/alejandro/.m2/repository/org/hibernate/javax/persistence/hibernate-jpa-2.1-api/1.0.0.Final/hibernate-jpa-2.1-api-1.0.0.Final.jar:/Users/alejandro/.m2/repository/org/javassist/javassist/3.22.0-GA/javassist-3.22.0-GA.jar:/Users/alejandro/.m2/repository/antlr/antlr/2.7.7/antlr-2.7.7.jar:/Users/alejandro/.m2/repository/org/jboss/jandex/2.0.3.Final/jandex-2.0.3.Final.jar:/Users/alejandro/.m2/repository/dom4j/dom4j/1.6.1/dom4j-1.6.1.jar:/Users/alejandro/.m2/repository/org/hibernate/common/hibernate-commons-annotations/5.0.1.Final/hibernate-commons-annotations-5.0.1.Final.jar:/Users/alejandro/.m2/repository/javax/transaction/javax.transaction-api/1.2/javax.transaction-api-1.2.jar:/Users/alejandro/.m2/repository/org/springframework/data/spring-data-jpa/2.0.5.RELEASE/spring-data-jpa-2.0.5.RELEASE.jar:/Users/alejandro/.m2/repository/org/springframework/data/spring-data-commons/2.0.5.RELEASE/spring-data-commons-2.0.5.RELEASE.jar:/Users/alejandro/.m2/repository/org/springframework/spring-orm/5.0.4.RELEASE/spring-orm-5.0.4.RELEASE.jar:/Users/alejandro/.m2/repository/org/springframework/spring-aspects/5.0.4.RELEASE/spring-aspects-5.0.4.RELEASE.jar:/Users/alejandro/.m2/repository/org/springframework/kafka/spring-kafka/2.1.4.RELEASE/spring-kafka-2.1.4.RELEASE.jar:/Users/alejandro/.m2/repository/org/springframework/spring-context/5.0.4.RELEASE/spring-context-5.0.4.RELEASE.jar:/Users/alejandro/.m2/repository/org/springframework/spring-messaging/5.0.4.RELEASE/spring-messaging-5.0.4.RELEASE.jar:/Users/alejandro/.m2/repository/org/springframework/spring-tx/5.0.4.RELEASE/spring-tx-5.0.4.RELEASE.jar:/Users/alejandro/.m2/repository/org/springframework/retry/spring-retry/1.2.2.RELEASE/spring-retry-1.2.2.RELEASE.jar:/Users/alejandro/.m2/repository/org/apache/kafka/kafka-clients/1.0.0/kafka-clients-1.0.0.jar:/Users/alejandro/.m2/repository/org/lz4/lz4-java/1.4/lz4-java-1.4.jar:/Users/alejandro/.m2/repository/org/xerial/snappy/snappy-java/1.1.4/snappy-java-1.1.4.jar:/Users/alejandro/.m2/repository/com/google/code/gson/gson/2.3.1/gson-2.3.1.jar:/Users/alejandro/.m2/repository/org/jasypt/jasypt/1.9.2/jasypt-1.9.2.jar:/Users/alejandro/.m2/repository/com/h2database/h2/1.4.196/h2-1.4.196.jar:, user.name=alejandro, java.vm.specification.version=1.8, sun.java.command=/Users/alejandro/Documents/tercero/segundo_semestre/ASW/lab/InciManager_i2b/target/surefire/surefirebooter1634408863230834107.jar /Users/alejandro/Documents/tercero/segundo_semestre/ASW/lab/InciManager_i2b/target/surefire 2018-03-10T19-42-47_970-jvmRun1 surefire6142563881659291027tmp surefire_05202486977572577718tmp, java.home=/Library/Java/JavaVirtualMachines/jdk1.8.0_71.jdk/Contents/Home/jre, sun.arch.data.model=64, user.language=en, java.specification.vendor=Oracle Corporation, awt.toolkit=sun.lwawt.macosx.LWCToolkit, java.vm.info=mixed mode, java.version=1.8.0_71, java.ext.dirs=/Users/alejandro/Library/Java/Extensions:/Library/Java/JavaVirtualMachines/jdk1.8.0_71.jdk/Contents/Home/jre/lib/ext:/Library/Java/Extensions:/Network/Library/Java/Extensions:/System/Library/Java/Extensions:/usr/lib/java, sun.boot.class.path=/Library/Java/JavaVirtualMachines/jdk1.8.0_71.jdk/Contents/Home/jre/lib/resources.jar:/Library/Java/JavaVirtualMachines/jdk1.8.0_71.jdk/Contents/Home/jre/lib/rt.jar:/Library/Java/JavaVirtualMachines/jdk1.8.0_71.jdk/Contents/Home/jre/lib/sunrsasign.jar:/Library/Java/JavaVirtualMachines/jdk1.8.0_71.jdk/Contents/Home/jre/lib/jsse.jar:/Library/Java/JavaVirtualMachines/jdk1.8.0_71.jdk/Contents/Home/jre/lib/jce.jar:/Library/Java/JavaVirtualMachines/jdk1.8.0_71.jdk/Contents/Home/jre/lib/charsets.jar:/Library/Java/JavaVirtualMachines/jdk1.8.0_71.jdk/Contents/Home/jre/lib/jfr.jar:/Library/Java/JavaVirtualMachines/jdk1.8.0_71.jdk/Contents/Home/jre/classes, java.vendor=Oracle Corporation, localRepository=/Users/alejandro/.m2/repository, file.separator=/, java.vendor.url.bug=http://bugreport.sun.com/bugreport/, sun.io.unicode.encoding=UnicodeBig, sun.cpu.endian=little, socksNonProxyHosts=local|*.local|169.254/16|*.169.254/16, ftp.nonProxyHosts=local|*.local|169.254/16|*.169.254/16, sun.cpu.isalist=}}, SystemEnvironmentPropertySource@2088371948 {name='systemEnvironment', properties={PATH=/Users/alejandro/anaconda/envs/ml_lab/bin:/usr/local/opt/php56/bin:/Applications/ElasticSearch/elasticsearch-5.6.2/bin:/Library/Java/JavaVirtualMachines/jdk1.8.0_71.jdk/Contents/Home/bin:/usr/local/bin:/usr/local/bin:/Library/Frameworks/Python.framework/Versions/2.7/bin:/Library/Frameworks/Python.framework/Versions/3.6/bin:/opt/local/bin:/opt/local/sbin:/usr/local/bin:/usr/bin:/bin:/usr/sbin:/sbin:/opt/X11/bin:/usr/local/share/dotnet:/usr/local/go/bin:/Library/Frameworks/Mono.framework/Versions/Current/Commands:/Library/TeX/texbin:/Users/alejandro/anaconda/bin:/Users/alejandro/Documents/programming/go/workspace/bin, CONDA_DEFAULT_ENV=ml_lab, JAVA_HOME=/Library/Java/JavaVirtualMachines/jdk1.8.0_71.jdk/Contents/Home, TERM=xterm-256color, CONDA_PS1_BACKUP=\h:\W \u\$ , CONDA_PREFIX=/Users/alejandro/anaconda/envs/ml_lab, DISPLAY=/private/tmp/com.apple.launchd.aHgPy2LFLr/org.macosforge.xquartz:0, LOGNAME=alejandro, JAVA_MAIN_CLASS_88195=org.apache.maven.surefire.booter.ForkedBooter, XPC_SERVICE_NAME=0, PWD=/Users/alejandro/Documents/tercero/segundo_semestre/ASW/lab/InciManager_i2b, ES_HOME=/Applications/ElasticSearch/elasticsearch-5.6.2, TERM_PROGRAM_VERSION=388.1.1, MAVEN_CMD_LINE_ARGS= test, _=/Library/Java/JavaVirtualMachines/jdk1.8.0_71.jdk/Contents/Home/jre/bin/java, FLASK_APP=controllers.py, SHELL=/bin/bash, TERM_PROGRAM=Apple_Terminal, DBUS_LAUNCHD_SESSION_BUS_SOCKET=/private/tmp/com.apple.launchd.6fq15YK5oT/unix_domain_listener, GPG_AGENT_INFO=/private/tmp/com.apple.launchd.s4i4RLKNZI/Listeners_agent, MAVEN_PROJECTBASEDIR=/Users/alejandro/Documents/tercero/segundo_semestre/ASW/lab/InciManager_i2b, OLDPWD=/Users/alejandro/Documents/tercero/segundo_semestre/ASW/lab/InciManager_i2b, SECURITYSESSIONID=186a9, GOPATH=/Users/alejandro/Documents/programming/go/workspace, CONDA_PATH_BACKUP=/usr/local/opt/php56/bin:/Applications/ElasticSearch/elasticsearch-5.6.2/bin:/Library/Java/JavaVirtualMachines/jdk1.8.0_71.jdk/Contents/Home/bin:/usr/local/bin:/usr/local/bin:/Library/Frameworks/Python.framework/Versions/2.7/bin:/Library/Frameworks/Python.framework/Versions/3.6/bin:/opt/local/bin:/opt/local/sbin:/usr/local/bin:/usr/bin:/bin:/usr/sbin:/sbin:/opt/X11/bin:/usr/local/share/dotnet:/usr/local/go/bin:/Library/Frameworks/Mono.framework/Versions/Current/Commands:/Library/TeX/texbin:/Users/alejandro/anaconda/bin:/Users/alejandro/Documents/programming/go/workspace/bin, USER=alejandro, TMPDIR=/var/folders/47/zcbst9492p51dqvwjpbrr5kh0000gn/T/, SSH_AUTH_SOCK=/private/tmp/com.apple.launchd.SBHpTojs7n/Listeners, XPC_FLAGS=0x0, TERM_SESSION_ID=6F5EDFBD-DE71-4085-87A3-4B7B1815C648, __CF_USER_TEXT_ENCODING=0x1F5:0x0:0x0, Apple_PubSub_Socket_Render=/private/tmp/com.apple.launchd.n6pSUtPyQ0/Render, LC_CTYPE=UTF-8, JAVA_MAIN_CLASS_88184=org.codehaus.plexus.classworlds.launcher.Launcher, HOME=/Users/alejandro, SHLVL=2}}]
19:42:50.894 [main] DEBUG org.springframework.test.context.support.TestPropertySourceUtils - Adding inlined properties to environment: {spring.jmx.enabled=false, org.springframework.boot.test.context.SpringBootTestContextBootstrapper=true, server.port=-1}
19:42:50.894 [main] DEBUG org.springframework.core.env.StandardEnvironment - Adding PropertySource 'Inlined Test Properties' with highest search precedence

  .   ____          _            __ _ _
 /\\ / ___'_ __ _ _(_)_ __  __ _ \ \ \ \
( ( )\___ | '_ | '_| | '_ \/ _` | \ \ \ \
 \\/  ___)| |_)| | | | | || (_| |  ) ) ) )
  '  |____| .__|_| |_|_| |_\__, | / / / /
 =========|_|==============|___/=/_/_/_/
 :: Spring Boot ::        (v2.0.0.RELEASE)

2018-03-10 19:42:51.923  INFO 88195 --- [           main] com.uniovi.entities.IncidentTest         : Starting IncidentTest on Alejandros-iMac.local with PID 88195 (started by alejandro in /Users/alejandro/Documents/tercero/segundo_semestre/ASW/lab/InciManager_i2b)
2018-03-10 19:42:51.924  INFO 88195 --- [           main] com.uniovi.entities.IncidentTest         : No active profile set, falling back to default profiles: default
2018-03-10 19:42:52.153  INFO 88195 --- [           main] o.s.w.c.s.GenericWebApplicationContext   : Refreshing org.springframework.web.context.support.GenericWebApplicationContext@36916eb0: startup date [Sat Mar 10 19:42:52 CET 2018]; root of context hierarchy
2018-03-10 19:43:02.369  INFO 88195 --- [           main] trationDelegate$BeanPostProcessorChecker : Bean 'org.springframework.kafka.annotation.KafkaBootstrapConfiguration' of type [org.springframework.kafka.annotation.KafkaBootstrapConfiguration$$EnhancerBySpringCGLIB$$26a00e9d] is not eligible for getting processed by all BeanPostProcessors (for example: not eligible for auto-proxying)
2018-03-10 19:43:02.459  INFO 88195 --- [           main] trationDelegate$BeanPostProcessorChecker : Bean 'org.springframework.ws.config.annotation.DelegatingWsConfiguration' of type [org.springframework.ws.config.annotation.DelegatingWsConfiguration$$EnhancerBySpringCGLIB$$f785c219] is not eligible for getting processed by all BeanPostProcessors (for example: not eligible for auto-proxying)
2018-03-10 19:43:02.592  INFO 88195 --- [           main] .w.s.a.s.AnnotationActionEndpointMapping : Supporting [WS-Addressing August 2004, WS-Addressing 1.0]
2018-03-10 19:43:02.610  INFO 88195 --- [           main] trationDelegate$BeanPostProcessorChecker : Bean 'org.springframework.transaction.annotation.ProxyTransactionManagementConfiguration' of type [org.springframework.transaction.annotation.ProxyTransactionManagementConfiguration$$EnhancerBySpringCGLIB$$52edfd1a] is not eligible for getting processed by all BeanPostProcessors (for example: not eligible for auto-proxying)
2018-03-10 19:43:03.119  INFO 88195 --- [           main] com.zaxxer.hikari.HikariDataSource       : HikariPool-1 - Starting...
2018-03-10 19:43:03.471  INFO 88195 --- [           main] com.zaxxer.hikari.HikariDataSource       : HikariPool-1 - Start completed.
2018-03-10 19:43:03.606  INFO 88195 --- [           main] j.LocalContainerEntityManagerFactoryBean : Building JPA container EntityManagerFactory for persistence unit 'default'
2018-03-10 19:43:03.649  INFO 88195 --- [           main] o.hibernate.jpa.internal.util.LogHelper  : HHH000204: Processing PersistenceUnitInfo [
	name: default
	...]
2018-03-10 19:43:03.789  INFO 88195 --- [           main] org.hibernate.Version                    : HHH000412: Hibernate Core {5.2.14.Final}
2018-03-10 19:43:03.790  INFO 88195 --- [           main] org.hibernate.cfg.Environment            : HHH000206: hibernate.properties not found
2018-03-10 19:43:03.849  INFO 88195 --- [           main] o.hibernate.annotations.common.Version   : HCANN000001: Hibernate Commons Annotations {5.0.1.Final}
2018-03-10 19:43:04.052  INFO 88195 --- [           main] org.hibernate.dialect.Dialect            : HHH000400: Using dialect: org.hibernate.dialect.H2Dialect
2018-03-10 19:43:04.977  INFO 88195 --- [           main] o.h.t.schema.internal.SchemaCreatorImpl  : HHH000476: Executing import script 'org.hibernate.tool.schema.internal.exec.ScriptSourceInputNonExistentImpl@6d672bd4'
2018-03-10 19:43:04.996  INFO 88195 --- [           main] j.LocalContainerEntityManagerFactoryBean : Initialized JPA EntityManagerFactory for persistence unit 'default'
2018-03-10 19:43:05.023  WARN 88195 --- [           main] o.s.w.c.s.GenericWebApplicationContext   : Exception encountered during context initialization - cancelling refresh attempt: org.springframework.beans.factory.UnsatisfiedDependencyException: Error creating bean with name 'incidentController': Unsatisfied dependency expressed through field 'agentsService'; nested exception is org.springframework.beans.factory.NoSuchBeanDefinitionException: No qualifying bean of type 'com.uniovi.services.IAgentsService' available: expected at least 1 bean which qualifies as autowire candidate. Dependency annotations: {@org.springframework.beans.factory.annotation.Autowired(required=true), @org.springframework.beans.factory.annotation.Qualifier(value=DefaultAgentsService)}
2018-03-10 19:43:05.023  INFO 88195 --- [           main] j.LocalContainerEntityManagerFactoryBean : Closing JPA EntityManagerFactory for persistence unit 'default'
2018-03-10 19:43:05.023  INFO 88195 --- [           main] .SchemaDropperImpl$DelayedDropActionImpl : HHH000477: Starting delayed drop of schema as part of SessionFactory shut-down'
2018-03-10 19:43:05.030  INFO 88195 --- [           main] com.zaxxer.hikari.HikariDataSource       : HikariPool-1 - Shutdown initiated...
2018-03-10 19:43:05.034  INFO 88195 --- [           main] com.zaxxer.hikari.HikariDataSource       : HikariPool-1 - Shutdown completed.
2018-03-10 19:43:05.042  INFO 88195 --- [           main] ConditionEvaluationReportLoggingListener : 

Error starting ApplicationContext. To display the conditions report re-run your application with 'debug' enabled.
2018-03-10 19:43:05.214 ERROR 88195 --- [           main] o.s.b.d.LoggingFailureAnalysisReporter   : 

***************************
APPLICATION FAILED TO START
***************************

Description:

Field agentsService in com.uniovi.controllers.IncidentController required a bean of type 'com.uniovi.services.IAgentsService' that could not be found.


Action:

Consider defining a bean of type 'com.uniovi.services.IAgentsService' in your configuration.

2018-03-10 19:43:05.240 ERROR 88195 --- [           main] o.s.test.context.TestContextManager      : Caught exception while allowing TestExecutionListener [org.springframework.test.context.web.ServletTestExecutionListener@5b239d7d] to prepare test instance [com.uniovi.entities.IncidentTest@faea4da]

java.lang.IllegalStateException: Failed to load ApplicationContext
	at org.springframework.test.context.cache.DefaultCacheAwareContextLoaderDelegate.loadContext(DefaultCacheAwareContextLoaderDelegate.java:125) ~[spring-test-5.0.4.RELEASE.jar:5.0.4.RELEASE]
	at org.springframework.test.context.support.DefaultTestContext.getApplicationContext(DefaultTestContext.java:107) ~[spring-test-5.0.4.RELEASE.jar:5.0.4.RELEASE]
	at org.springframework.test.context.web.ServletTestExecutionListener.setUpRequestContextIfNecessary(ServletTestExecutionListener.java:190) ~[spring-test-5.0.4.RELEASE.jar:5.0.4.RELEASE]
	at org.springframework.test.context.web.ServletTestExecutionListener.prepareTestInstance(ServletTestExecutionListener.java:132) ~[spring-test-5.0.4.RELEASE.jar:5.0.4.RELEASE]
	at org.springframework.test.context.TestContextManager.prepareTestInstance(TestContextManager.java:242) ~[spring-test-5.0.4.RELEASE.jar:5.0.4.RELEASE]
	at org.springframework.test.context.junit4.SpringJUnit4ClassRunner.createTest(SpringJUnit4ClassRunner.java:227) [spring-test-5.0.4.RELEASE.jar:5.0.4.RELEASE]
	at org.springframework.test.context.junit4.SpringJUnit4ClassRunner$1.runReflectiveCall(SpringJUnit4ClassRunner.java:289) [spring-test-5.0.4.RELEASE.jar:5.0.4.RELEASE]
	at org.junit.internal.runners.model.ReflectiveCallable.run(ReflectiveCallable.java:12) [junit-4.12.jar:4.12]
	at org.springframework.test.context.junit4.SpringJUnit4ClassRunner.methodBlock(SpringJUnit4ClassRunner.java:291) [spring-test-5.0.4.RELEASE.jar:5.0.4.RELEASE]
	at org.springframework.test.context.junit4.SpringJUnit4ClassRunner.runChild(SpringJUnit4ClassRunner.java:246) [spring-test-5.0.4.RELEASE.jar:5.0.4.RELEASE]
	at org.springframework.test.context.junit4.SpringJUnit4ClassRunner.runChild(SpringJUnit4ClassRunner.java:97) [spring-test-5.0.4.RELEASE.jar:5.0.4.RELEASE]
	at org.junit.runners.ParentRunner$3.run(ParentRunner.java:290) [junit-4.12.jar:4.12]
	at org.junit.runners.ParentRunner$1.schedule(ParentRunner.java:71) [junit-4.12.jar:4.12]
	at org.junit.runners.ParentRunner.runChildren(ParentRunner.java:288) [junit-4.12.jar:4.12]
	at org.junit.runners.ParentRunner.access$000(ParentRunner.java:58) [junit-4.12.jar:4.12]
	at org.junit.runners.ParentRunner$2.evaluate(ParentRunner.java:268) [junit-4.12.jar:4.12]
	at org.springframework.test.context.junit4.statements.RunBeforeTestClassCallbacks.evaluate(RunBeforeTestClassCallbacks.java:61) [spring-test-5.0.4.RELEASE.jar:5.0.4.RELEASE]
	at org.springframework.test.context.junit4.statements.RunAfterTestClassCallbacks.evaluate(RunAfterTestClassCallbacks.java:70) [spring-test-5.0.4.RELEASE.jar:5.0.4.RELEASE]
	at org.junit.runners.ParentRunner.run(ParentRunner.java:363) [junit-4.12.jar:4.12]
	at org.springframework.test.context.junit4.SpringJUnit4ClassRunner.run(SpringJUnit4ClassRunner.java:190) [spring-test-5.0.4.RELEASE.jar:5.0.4.RELEASE]
	at org.apache.maven.surefire.junit4.JUnit4Provider.execute(JUnit4Provider.java:369) [surefire-junit4-2.20.1.jar:2.20.1]
	at org.apache.maven.surefire.junit4.JUnit4Provider.executeWithRerun(JUnit4Provider.java:275) [surefire-junit4-2.20.1.jar:2.20.1]
	at org.apache.maven.surefire.junit4.JUnit4Provider.executeTestSet(JUnit4Provider.java:239) [surefire-junit4-2.20.1.jar:2.20.1]
	at org.apache.maven.surefire.junit4.JUnit4Provider.invoke(JUnit4Provider.java:160) [surefire-junit4-2.20.1.jar:2.20.1]
	at org.apache.maven.surefire.booter.ForkedBooter.invokeProviderInSameClassLoader(ForkedBooter.java:373) [surefire-booter-2.20.1.jar:2.20.1]
	at org.apache.maven.surefire.booter.ForkedBooter.runSuitesInProcess(ForkedBooter.java:334) [surefire-booter-2.20.1.jar:2.20.1]
	at org.apache.maven.surefire.booter.ForkedBooter.execute(ForkedBooter.java:119) [surefire-booter-2.20.1.jar:2.20.1]
	at org.apache.maven.surefire.booter.ForkedBooter.main(ForkedBooter.java:407) [surefire-booter-2.20.1.jar:2.20.1]
Caused by: org.springframework.beans.factory.UnsatisfiedDependencyException: Error creating bean with name 'incidentController': Unsatisfied dependency expressed through field 'agentsService'; nested exception is org.springframework.beans.factory.NoSuchBeanDefinitionException: No qualifying bean of type 'com.uniovi.services.IAgentsService' available: expected at least 1 bean which qualifies as autowire candidate. Dependency annotations: {@org.springframework.beans.factory.annotation.Autowired(required=true), @org.springframework.beans.factory.annotation.Qualifier(value=DefaultAgentsService)}
	at org.springframework.beans.factory.annotation.AutowiredAnnotationBeanPostProcessor$AutowiredFieldElement.inject(AutowiredAnnotationBeanPostProcessor.java:587) ~[spring-beans-5.0.4.RELEASE.jar:5.0.4.RELEASE]
	at org.springframework.beans.factory.annotation.InjectionMetadata.inject(InjectionMetadata.java:91) ~[spring-beans-5.0.4.RELEASE.jar:5.0.4.RELEASE]
	at org.springframework.beans.factory.annotation.AutowiredAnnotationBeanPostProcessor.postProcessPropertyValues(AutowiredAnnotationBeanPostProcessor.java:373) ~[spring-beans-5.0.4.RELEASE.jar:5.0.4.RELEASE]
	at org.springframework.beans.factory.support.AbstractAutowireCapableBeanFactory.populateBean(AbstractAutowireCapableBeanFactory.java:1344) ~[spring-beans-5.0.4.RELEASE.jar:5.0.4.RELEASE]
	at org.springframework.beans.factory.support.AbstractAutowireCapableBeanFactory.doCreateBean(AbstractAutowireCapableBeanFactory.java:582) ~[spring-beans-5.0.4.RELEASE.jar:5.0.4.RELEASE]
	at org.springframework.beans.factory.support.AbstractAutowireCapableBeanFactory.createBean(AbstractAutowireCapableBeanFactory.java:502) ~[spring-beans-5.0.4.RELEASE.jar:5.0.4.RELEASE]
	at org.springframework.beans.factory.support.AbstractBeanFactory.lambda$doGetBean$0(AbstractBeanFactory.java:312) ~[spring-beans-5.0.4.RELEASE.jar:5.0.4.RELEASE]
	at org.springframework.beans.factory.support.DefaultSingletonBeanRegistry.getSingleton(DefaultSingletonBeanRegistry.java:228) ~[spring-beans-5.0.4.RELEASE.jar:5.0.4.RELEASE]
	at org.springframework.beans.factory.support.AbstractBeanFactory.doGetBean(AbstractBeanFactory.java:310) ~[spring-beans-5.0.4.RELEASE.jar:5.0.4.RELEASE]
	at org.springframework.beans.factory.support.AbstractBeanFactory.getBean(AbstractBeanFactory.java:200) ~[spring-beans-5.0.4.RELEASE.jar:5.0.4.RELEASE]
	at org.springframework.beans.factory.support.DefaultListableBeanFactory.preInstantiateSingletons(DefaultListableBeanFactory.java:760) ~[spring-beans-5.0.4.RELEASE.jar:5.0.4.RELEASE]
	at org.springframework.context.support.AbstractApplicationContext.finishBeanFactoryInitialization(AbstractApplicationContext.java:868) ~[spring-context-5.0.4.RELEASE.jar:5.0.4.RELEASE]
	at org.springframework.context.support.AbstractApplicationContext.refresh(AbstractApplicationContext.java:549) ~[spring-context-5.0.4.RELEASE.jar:5.0.4.RELEASE]
	at org.springframework.boot.SpringApplication.refresh(SpringApplication.java:752) ~[spring-boot-2.0.0.RELEASE.jar:2.0.0.RELEASE]
	at org.springframework.boot.SpringApplication.refreshContext(SpringApplication.java:388) ~[spring-boot-2.0.0.RELEASE.jar:2.0.0.RELEASE]
	at org.springframework.boot.SpringApplication.run(SpringApplication.java:327) ~[spring-boot-2.0.0.RELEASE.jar:2.0.0.RELEASE]
	at org.springframework.boot.test.context.SpringBootContextLoader.loadContext(SpringBootContextLoader.java:138) ~[spring-boot-test-2.0.0.RELEASE.jar:2.0.0.RELEASE]
	at org.springframework.test.context.cache.DefaultCacheAwareContextLoaderDelegate.loadContextInternal(DefaultCacheAwareContextLoaderDelegate.java:99) ~[spring-test-5.0.4.RELEASE.jar:5.0.4.RELEASE]
	at org.springframework.test.context.cache.DefaultCacheAwareContextLoaderDelegate.loadContext(DefaultCacheAwareContextLoaderDelegate.java:117) ~[spring-test-5.0.4.RELEASE.jar:5.0.4.RELEASE]
	... 27 common frames omitted
Caused by: org.springframework.beans.factory.NoSuchBeanDefinitionException: No qualifying bean of type 'com.uniovi.services.IAgentsService' available: expected at least 1 bean which qualifies as autowire candidate. Dependency annotations: {@org.springframework.beans.factory.annotation.Autowired(required=true), @org.springframework.beans.factory.annotation.Qualifier(value=DefaultAgentsService)}
	at org.springframework.beans.factory.support.DefaultListableBeanFactory.raiseNoMatchingBeanFound(DefaultListableBeanFactory.java:1509) ~[spring-beans-5.0.4.RELEASE.jar:5.0.4.RELEASE]
	at org.springframework.beans.factory.support.DefaultListableBeanFactory.doResolveDependency(DefaultListableBeanFactory.java:1104) ~[spring-beans-5.0.4.RELEASE.jar:5.0.4.RELEASE]
	at org.springframework.beans.factory.support.DefaultListableBeanFactory.resolveDependency(DefaultListableBeanFactory.java:1065) ~[spring-beans-5.0.4.RELEASE.jar:5.0.4.RELEASE]
	at org.springframework.beans.factory.annotation.AutowiredAnnotationBeanPostProcessor$AutowiredFieldElement.inject(AutowiredAnnotationBeanPostProcessor.java:584) ~[spring-beans-5.0.4.RELEASE.jar:5.0.4.RELEASE]
	... 45 common frames omitted

]]></system-out>
  </testcase>
  <testcase name="testCorrectInstatiation" classname="com.uniovi.entities.IncidentTest" time="0">
    <error message="Failed to load ApplicationContext" type="java.lang.IllegalStateException">java.lang.IllegalStateException: Failed to load ApplicationContext
Caused by: org.springframework.beans.factory.UnsatisfiedDependencyException: Error creating bean with name 'incidentController': Unsatisfied dependency expressed through field 'agentsService'; nested exception is org.springframework.beans.factory.NoSuchBeanDefinitionException: No qualifying bean of type 'com.uniovi.services.IAgentsService' available: expected at least 1 bean which qualifies as autowire candidate. Dependency annotations: {@org.springframework.beans.factory.annotation.Autowired(required=true), @org.springframework.beans.factory.annotation.Qualifier(value=DefaultAgentsService)}
Caused by: org.springframework.beans.factory.NoSuchBeanDefinitionException: No qualifying bean of type 'com.uniovi.services.IAgentsService' available: expected at least 1 bean which qualifies as autowire candidate. Dependency annotations: {@org.springframework.beans.factory.annotation.Autowired(required=true), @org.springframework.beans.factory.annotation.Qualifier(value=DefaultAgentsService)}
</error>
    <system-out><![CDATA[
  .   ____          _            __ _ _
 /\\ / ___'_ __ _ _(_)_ __  __ _ \ \ \ \
( ( )\___ | '_ | '_| | '_ \/ _` | \ \ \ \
 \\/  ___)| |_)| | | | | || (_| |  ) ) ) )
  '  |____| .__|_| |_|_| |_\__, | / / / /
 =========|_|==============|___/=/_/_/_/
 :: Spring Boot ::        (v2.0.0.RELEASE)

2018-03-10 19:43:05.321  INFO 88195 --- [           main] com.uniovi.entities.IncidentTest         : Starting IncidentTest on Alejandros-iMac.local with PID 88195 (started by alejandro in /Users/alejandro/Documents/tercero/segundo_semestre/ASW/lab/InciManager_i2b)
2018-03-10 19:43:05.322  INFO 88195 --- [           main] com.uniovi.entities.IncidentTest         : No active profile set, falling back to default profiles: default
2018-03-10 19:43:05.324  INFO 88195 --- [           main] o.s.w.c.s.GenericWebApplicationContext   : Refreshing org.springframework.web.context.support.GenericWebApplicationContext@796d33eb: startup date [Sat Mar 10 19:43:05 CET 2018]; root of context hierarchy
2018-03-10 19:43:05.538  INFO 88195 --- [           main] trationDelegate$BeanPostProcessorChecker : Bean 'org.springframework.kafka.annotation.KafkaBootstrapConfiguration' of type [org.springframework.kafka.annotation.KafkaBootstrapConfiguration$$EnhancerBySpringCGLIB$$26a00e9d] is not eligible for getting processed by all BeanPostProcessors (for example: not eligible for auto-proxying)
2018-03-10 19:43:05.547  INFO 88195 --- [           main] trationDelegate$BeanPostProcessorChecker : Bean 'org.springframework.ws.config.annotation.DelegatingWsConfiguration' of type [org.springframework.ws.config.annotation.DelegatingWsConfiguration$$EnhancerBySpringCGLIB$$f785c219] is not eligible for getting processed by all BeanPostProcessors (for example: not eligible for auto-proxying)
2018-03-10 19:43:05.552  INFO 88195 --- [           main] .w.s.a.s.AnnotationActionEndpointMapping : Supporting [WS-Addressing August 2004, WS-Addressing 1.0]
2018-03-10 19:43:05.566  INFO 88195 --- [           main] trationDelegate$BeanPostProcessorChecker : Bean 'org.springframework.transaction.annotation.ProxyTransactionManagementConfiguration' of type [org.springframework.transaction.annotation.ProxyTransactionManagementConfiguration$$EnhancerBySpringCGLIB$$52edfd1a] is not eligible for getting processed by all BeanPostProcessors (for example: not eligible for auto-proxying)
2018-03-10 19:43:05.638  INFO 88195 --- [           main] com.zaxxer.hikari.HikariDataSource       : HikariPool-2 - Starting...
2018-03-10 19:43:05.639  INFO 88195 --- [           main] com.zaxxer.hikari.HikariDataSource       : HikariPool-2 - Start completed.
2018-03-10 19:43:05.653  INFO 88195 --- [           main] j.LocalContainerEntityManagerFactoryBean : Building JPA container EntityManagerFactory for persistence unit 'default'
2018-03-10 19:43:05.653  INFO 88195 --- [           main] o.hibernate.jpa.internal.util.LogHelper  : HHH000204: Processing PersistenceUnitInfo [
	name: default
	...]
2018-03-10 19:43:05.659  INFO 88195 --- [           main] org.hibernate.dialect.Dialect            : HHH000400: Using dialect: org.hibernate.dialect.H2Dialect
2018-03-10 19:43:05.710  INFO 88195 --- [           main] o.h.t.schema.internal.SchemaCreatorImpl  : HHH000476: Executing import script 'org.hibernate.tool.schema.internal.exec.ScriptSourceInputNonExistentImpl@6d672bd4'
2018-03-10 19:43:05.710  INFO 88195 --- [           main] j.LocalContainerEntityManagerFactoryBean : Initialized JPA EntityManagerFactory for persistence unit 'default'
2018-03-10 19:43:05.730  WARN 88195 --- [           main] o.s.w.c.s.GenericWebApplicationContext   : Exception encountered during context initialization - cancelling refresh attempt: org.springframework.beans.factory.UnsatisfiedDependencyException: Error creating bean with name 'incidentController': Unsatisfied dependency expressed through field 'agentsService'; nested exception is org.springframework.beans.factory.NoSuchBeanDefinitionException: No qualifying bean of type 'com.uniovi.services.IAgentsService' available: expected at least 1 bean which qualifies as autowire candidate. Dependency annotations: {@org.springframework.beans.factory.annotation.Autowired(required=true), @org.springframework.beans.factory.annotation.Qualifier(value=DefaultAgentsService)}
2018-03-10 19:43:05.730  INFO 88195 --- [           main] j.LocalContainerEntityManagerFactoryBean : Closing JPA EntityManagerFactory for persistence unit 'default'
2018-03-10 19:43:05.730  INFO 88195 --- [           main] .SchemaDropperImpl$DelayedDropActionImpl : HHH000477: Starting delayed drop of schema as part of SessionFactory shut-down'
2018-03-10 19:43:05.733  INFO 88195 --- [           main] com.zaxxer.hikari.HikariDataSource       : HikariPool-2 - Shutdown initiated...
2018-03-10 19:43:05.734  INFO 88195 --- [           main] com.zaxxer.hikari.HikariDataSource       : HikariPool-2 - Shutdown completed.
2018-03-10 19:43:05.737  INFO 88195 --- [           main] ConditionEvaluationReportLoggingListener : 

Error starting ApplicationContext. To display the conditions report re-run your application with 'debug' enabled.
2018-03-10 19:43:05.800 ERROR 88195 --- [           main] o.s.b.d.LoggingFailureAnalysisReporter   : 

***************************
APPLICATION FAILED TO START
***************************

Description:

Field agentsService in com.uniovi.controllers.IncidentController required a bean of type 'com.uniovi.services.IAgentsService' that could not be found.


Action:

Consider defining a bean of type 'com.uniovi.services.IAgentsService' in your configuration.

2018-03-10 19:43:05.801 ERROR 88195 --- [           main] o.s.test.context.TestContextManager      : Caught exception while allowing TestExecutionListener [org.springframework.test.context.web.ServletTestExecutionListener@5b239d7d] to prepare test instance [com.uniovi.entities.IncidentTest@2365ea38]

java.lang.IllegalStateException: Failed to load ApplicationContext
	at org.springframework.test.context.cache.DefaultCacheAwareContextLoaderDelegate.loadContext(DefaultCacheAwareContextLoaderDelegate.java:125) ~[spring-test-5.0.4.RELEASE.jar:5.0.4.RELEASE]
	at org.springframework.test.context.support.DefaultTestContext.getApplicationContext(DefaultTestContext.java:107) ~[spring-test-5.0.4.RELEASE.jar:5.0.4.RELEASE]
	at org.springframework.test.context.web.ServletTestExecutionListener.setUpRequestContextIfNecessary(ServletTestExecutionListener.java:190) ~[spring-test-5.0.4.RELEASE.jar:5.0.4.RELEASE]
	at org.springframework.test.context.web.ServletTestExecutionListener.prepareTestInstance(ServletTestExecutionListener.java:132) ~[spring-test-5.0.4.RELEASE.jar:5.0.4.RELEASE]
	at org.springframework.test.context.TestContextManager.prepareTestInstance(TestContextManager.java:242) ~[spring-test-5.0.4.RELEASE.jar:5.0.4.RELEASE]
	at org.springframework.test.context.junit4.SpringJUnit4ClassRunner.createTest(SpringJUnit4ClassRunner.java:227) [spring-test-5.0.4.RELEASE.jar:5.0.4.RELEASE]
	at org.springframework.test.context.junit4.SpringJUnit4ClassRunner$1.runReflectiveCall(SpringJUnit4ClassRunner.java:289) [spring-test-5.0.4.RELEASE.jar:5.0.4.RELEASE]
	at org.junit.internal.runners.model.ReflectiveCallable.run(ReflectiveCallable.java:12) [junit-4.12.jar:4.12]
	at org.springframework.test.context.junit4.SpringJUnit4ClassRunner.methodBlock(SpringJUnit4ClassRunner.java:291) [spring-test-5.0.4.RELEASE.jar:5.0.4.RELEASE]
	at org.springframework.test.context.junit4.SpringJUnit4ClassRunner.runChild(SpringJUnit4ClassRunner.java:246) [spring-test-5.0.4.RELEASE.jar:5.0.4.RELEASE]
	at org.springframework.test.context.junit4.SpringJUnit4ClassRunner.runChild(SpringJUnit4ClassRunner.java:97) [spring-test-5.0.4.RELEASE.jar:5.0.4.RELEASE]
	at org.junit.runners.ParentRunner$3.run(ParentRunner.java:290) [junit-4.12.jar:4.12]
	at org.junit.runners.ParentRunner$1.schedule(ParentRunner.java:71) [junit-4.12.jar:4.12]
	at org.junit.runners.ParentRunner.runChildren(ParentRunner.java:288) [junit-4.12.jar:4.12]
	at org.junit.runners.ParentRunner.access$000(ParentRunner.java:58) [junit-4.12.jar:4.12]
	at org.junit.runners.ParentRunner$2.evaluate(ParentRunner.java:268) [junit-4.12.jar:4.12]
	at org.springframework.test.context.junit4.statements.RunBeforeTestClassCallbacks.evaluate(RunBeforeTestClassCallbacks.java:61) [spring-test-5.0.4.RELEASE.jar:5.0.4.RELEASE]
	at org.springframework.test.context.junit4.statements.RunAfterTestClassCallbacks.evaluate(RunAfterTestClassCallbacks.java:70) [spring-test-5.0.4.RELEASE.jar:5.0.4.RELEASE]
	at org.junit.runners.ParentRunner.run(ParentRunner.java:363) [junit-4.12.jar:4.12]
	at org.springframework.test.context.junit4.SpringJUnit4ClassRunner.run(SpringJUnit4ClassRunner.java:190) [spring-test-5.0.4.RELEASE.jar:5.0.4.RELEASE]
	at org.apache.maven.surefire.junit4.JUnit4Provider.execute(JUnit4Provider.java:369) [surefire-junit4-2.20.1.jar:2.20.1]
	at org.apache.maven.surefire.junit4.JUnit4Provider.executeWithRerun(JUnit4Provider.java:275) [surefire-junit4-2.20.1.jar:2.20.1]
	at org.apache.maven.surefire.junit4.JUnit4Provider.executeTestSet(JUnit4Provider.java:239) [surefire-junit4-2.20.1.jar:2.20.1]
	at org.apache.maven.surefire.junit4.JUnit4Provider.invoke(JUnit4Provider.java:160) [surefire-junit4-2.20.1.jar:2.20.1]
	at org.apache.maven.surefire.booter.ForkedBooter.invokeProviderInSameClassLoader(ForkedBooter.java:373) [surefire-booter-2.20.1.jar:2.20.1]
	at org.apache.maven.surefire.booter.ForkedBooter.runSuitesInProcess(ForkedBooter.java:334) [surefire-booter-2.20.1.jar:2.20.1]
	at org.apache.maven.surefire.booter.ForkedBooter.execute(ForkedBooter.java:119) [surefire-booter-2.20.1.jar:2.20.1]
	at org.apache.maven.surefire.booter.ForkedBooter.main(ForkedBooter.java:407) [surefire-booter-2.20.1.jar:2.20.1]
Caused by: org.springframework.beans.factory.UnsatisfiedDependencyException: Error creating bean with name 'incidentController': Unsatisfied dependency expressed through field 'agentsService'; nested exception is org.springframework.beans.factory.NoSuchBeanDefinitionException: No qualifying bean of type 'com.uniovi.services.IAgentsService' available: expected at least 1 bean which qualifies as autowire candidate. Dependency annotations: {@org.springframework.beans.factory.annotation.Autowired(required=true), @org.springframework.beans.factory.annotation.Qualifier(value=DefaultAgentsService)}
	at org.springframework.beans.factory.annotation.AutowiredAnnotationBeanPostProcessor$AutowiredFieldElement.inject(AutowiredAnnotationBeanPostProcessor.java:587) ~[spring-beans-5.0.4.RELEASE.jar:5.0.4.RELEASE]
	at org.springframework.beans.factory.annotation.InjectionMetadata.inject(InjectionMetadata.java:91) ~[spring-beans-5.0.4.RELEASE.jar:5.0.4.RELEASE]
	at org.springframework.beans.factory.annotation.AutowiredAnnotationBeanPostProcessor.postProcessPropertyValues(AutowiredAnnotationBeanPostProcessor.java:373) ~[spring-beans-5.0.4.RELEASE.jar:5.0.4.RELEASE]
	at org.springframework.beans.factory.support.AbstractAutowireCapableBeanFactory.populateBean(AbstractAutowireCapableBeanFactory.java:1344) ~[spring-beans-5.0.4.RELEASE.jar:5.0.4.RELEASE]
	at org.springframework.beans.factory.support.AbstractAutowireCapableBeanFactory.doCreateBean(AbstractAutowireCapableBeanFactory.java:582) ~[spring-beans-5.0.4.RELEASE.jar:5.0.4.RELEASE]
	at org.springframework.beans.factory.support.AbstractAutowireCapableBeanFactory.createBean(AbstractAutowireCapableBeanFactory.java:502) ~[spring-beans-5.0.4.RELEASE.jar:5.0.4.RELEASE]
	at org.springframework.beans.factory.support.AbstractBeanFactory.lambda$doGetBean$0(AbstractBeanFactory.java:312) ~[spring-beans-5.0.4.RELEASE.jar:5.0.4.RELEASE]
	at org.springframework.beans.factory.support.DefaultSingletonBeanRegistry.getSingleton(DefaultSingletonBeanRegistry.java:228) ~[spring-beans-5.0.4.RELEASE.jar:5.0.4.RELEASE]
	at org.springframework.beans.factory.support.AbstractBeanFactory.doGetBean(AbstractBeanFactory.java:310) ~[spring-beans-5.0.4.RELEASE.jar:5.0.4.RELEASE]
	at org.springframework.beans.factory.support.AbstractBeanFactory.getBean(AbstractBeanFactory.java:200) ~[spring-beans-5.0.4.RELEASE.jar:5.0.4.RELEASE]
	at org.springframework.beans.factory.support.DefaultListableBeanFactory.preInstantiateSingletons(DefaultListableBeanFactory.java:760) ~[spring-beans-5.0.4.RELEASE.jar:5.0.4.RELEASE]
	at org.springframework.context.support.AbstractApplicationContext.finishBeanFactoryInitialization(AbstractApplicationContext.java:868) ~[spring-context-5.0.4.RELEASE.jar:5.0.4.RELEASE]
	at org.springframework.context.support.AbstractApplicationContext.refresh(AbstractApplicationContext.java:549) ~[spring-context-5.0.4.RELEASE.jar:5.0.4.RELEASE]
	at org.springframework.boot.SpringApplication.refresh(SpringApplication.java:752) ~[spring-boot-2.0.0.RELEASE.jar:2.0.0.RELEASE]
	at org.springframework.boot.SpringApplication.refreshContext(SpringApplication.java:388) ~[spring-boot-2.0.0.RELEASE.jar:2.0.0.RELEASE]
	at org.springframework.boot.SpringApplication.run(SpringApplication.java:327) ~[spring-boot-2.0.0.RELEASE.jar:2.0.0.RELEASE]
	at org.springframework.boot.test.context.SpringBootContextLoader.loadContext(SpringBootContextLoader.java:138) ~[spring-boot-test-2.0.0.RELEASE.jar:2.0.0.RELEASE]
	at org.springframework.test.context.cache.DefaultCacheAwareContextLoaderDelegate.loadContextInternal(DefaultCacheAwareContextLoaderDelegate.java:99) ~[spring-test-5.0.4.RELEASE.jar:5.0.4.RELEASE]
	at org.springframework.test.context.cache.DefaultCacheAwareContextLoaderDelegate.loadContext(DefaultCacheAwareContextLoaderDelegate.java:117) ~[spring-test-5.0.4.RELEASE.jar:5.0.4.RELEASE]
	... 27 common frames omitted
Caused by: org.springframework.beans.factory.NoSuchBeanDefinitionException: No qualifying bean of type 'com.uniovi.services.IAgentsService' available: expected at least 1 bean which qualifies as autowire candidate. Dependency annotations: {@org.springframework.beans.factory.annotation.Autowired(required=true), @org.springframework.beans.factory.annotation.Qualifier(value=DefaultAgentsService)}
	at org.springframework.beans.factory.support.DefaultListableBeanFactory.raiseNoMatchingBeanFound(DefaultListableBeanFactory.java:1509) ~[spring-beans-5.0.4.RELEASE.jar:5.0.4.RELEASE]
	at org.springframework.beans.factory.support.DefaultListableBeanFactory.doResolveDependency(DefaultListableBeanFactory.java:1104) ~[spring-beans-5.0.4.RELEASE.jar:5.0.4.RELEASE]
	at org.springframework.beans.factory.support.DefaultListableBeanFactory.resolveDependency(DefaultListableBeanFactory.java:1065) ~[spring-beans-5.0.4.RELEASE.jar:5.0.4.RELEASE]
	at org.springframework.beans.factory.annotation.AutowiredAnnotationBeanPostProcessor$AutowiredFieldElement.inject(AutowiredAnnotationBeanPostProcessor.java:584) ~[spring-beans-5.0.4.RELEASE.jar:5.0.4.RELEASE]
	... 45 common frames omitted

]]></system-out>
  </testcase>
  <testcase name="testEmptyFields" classname="com.uniovi.entities.IncidentTest" time="0">
    <error message="Failed to load ApplicationContext" type="java.lang.IllegalStateException">java.lang.IllegalStateException: Failed to load ApplicationContext
Caused by: org.springframework.beans.factory.UnsatisfiedDependencyException: Error creating bean with name 'incidentController': Unsatisfied dependency expressed through field 'agentsService'; nested exception is org.springframework.beans.factory.NoSuchBeanDefinitionException: No qualifying bean of type 'com.uniovi.services.IAgentsService' available: expected at least 1 bean which qualifies as autowire candidate. Dependency annotations: {@org.springframework.beans.factory.annotation.Autowired(required=true), @org.springframework.beans.factory.annotation.Qualifier(value=DefaultAgentsService)}
Caused by: org.springframework.beans.factory.NoSuchBeanDefinitionException: No qualifying bean of type 'com.uniovi.services.IAgentsService' available: expected at least 1 bean which qualifies as autowire candidate. Dependency annotations: {@org.springframework.beans.factory.annotation.Autowired(required=true), @org.springframework.beans.factory.annotation.Qualifier(value=DefaultAgentsService)}
</error>
    <system-out><![CDATA[
  .   ____          _            __ _ _
 /\\ / ___'_ __ _ _(_)_ __  __ _ \ \ \ \
( ( )\___ | '_ | '_| | '_ \/ _` | \ \ \ \
 \\/  ___)| |_)| | | | | || (_| |  ) ) ) )
  '  |____| .__|_| |_|_| |_\__, | / / / /
 =========|_|==============|___/=/_/_/_/
 :: Spring Boot ::        (v2.0.0.RELEASE)

2018-03-10 19:43:05.823  INFO 88195 --- [           main] com.uniovi.entities.IncidentTest         : Starting IncidentTest on Alejandros-iMac.local with PID 88195 (started by alejandro in /Users/alejandro/Documents/tercero/segundo_semestre/ASW/lab/InciManager_i2b)
2018-03-10 19:43:05.823  INFO 88195 --- [           main] com.uniovi.entities.IncidentTest         : No active profile set, falling back to default profiles: default
2018-03-10 19:43:05.825  INFO 88195 --- [           main] o.s.w.c.s.GenericWebApplicationContext   : Refreshing org.springframework.web.context.support.GenericWebApplicationContext@5c448ef: startup date [Sat Mar 10 19:43:05 CET 2018]; root of context hierarchy
2018-03-10 19:43:05.999  INFO 88195 --- [           main] trationDelegate$BeanPostProcessorChecker : Bean 'org.springframework.kafka.annotation.KafkaBootstrapConfiguration' of type [org.springframework.kafka.annotation.KafkaBootstrapConfiguration$$EnhancerBySpringCGLIB$$26a00e9d] is not eligible for getting processed by all BeanPostProcessors (for example: not eligible for auto-proxying)
2018-03-10 19:43:06.005  INFO 88195 --- [           main] trationDelegate$BeanPostProcessorChecker : Bean 'org.springframework.ws.config.annotation.DelegatingWsConfiguration' of type [org.springframework.ws.config.annotation.DelegatingWsConfiguration$$EnhancerBySpringCGLIB$$f785c219] is not eligible for getting processed by all BeanPostProcessors (for example: not eligible for auto-proxying)
2018-03-10 19:43:06.010  INFO 88195 --- [           main] .w.s.a.s.AnnotationActionEndpointMapping : Supporting [WS-Addressing August 2004, WS-Addressing 1.0]
2018-03-10 19:43:06.021  INFO 88195 --- [           main] trationDelegate$BeanPostProcessorChecker : Bean 'org.springframework.transaction.annotation.ProxyTransactionManagementConfiguration' of type [org.springframework.transaction.annotation.ProxyTransactionManagementConfiguration$$EnhancerBySpringCGLIB$$52edfd1a] is not eligible for getting processed by all BeanPostProcessors (for example: not eligible for auto-proxying)
2018-03-10 19:43:06.086  INFO 88195 --- [           main] com.zaxxer.hikari.HikariDataSource       : HikariPool-3 - Starting...
2018-03-10 19:43:06.087  INFO 88195 --- [           main] com.zaxxer.hikari.HikariDataSource       : HikariPool-3 - Start completed.
2018-03-10 19:43:06.099  INFO 88195 --- [           main] j.LocalContainerEntityManagerFactoryBean : Building JPA container EntityManagerFactory for persistence unit 'default'
2018-03-10 19:43:06.100  INFO 88195 --- [           main] o.hibernate.jpa.internal.util.LogHelper  : HHH000204: Processing PersistenceUnitInfo [
	name: default
	...]
2018-03-10 19:43:06.104  INFO 88195 --- [           main] org.hibernate.dialect.Dialect            : HHH000400: Using dialect: org.hibernate.dialect.H2Dialect
2018-03-10 19:43:06.131  INFO 88195 --- [           main] o.h.t.schema.internal.SchemaCreatorImpl  : HHH000476: Executing import script 'org.hibernate.tool.schema.internal.exec.ScriptSourceInputNonExistentImpl@6d672bd4'
2018-03-10 19:43:06.132  INFO 88195 --- [           main] j.LocalContainerEntityManagerFactoryBean : Initialized JPA EntityManagerFactory for persistence unit 'default'
2018-03-10 19:43:06.147  WARN 88195 --- [           main] o.s.w.c.s.GenericWebApplicationContext   : Exception encountered during context initialization - cancelling refresh attempt: org.springframework.beans.factory.UnsatisfiedDependencyException: Error creating bean with name 'incidentController': Unsatisfied dependency expressed through field 'agentsService'; nested exception is org.springframework.beans.factory.NoSuchBeanDefinitionException: No qualifying bean of type 'com.uniovi.services.IAgentsService' available: expected at least 1 bean which qualifies as autowire candidate. Dependency annotations: {@org.springframework.beans.factory.annotation.Autowired(required=true), @org.springframework.beans.factory.annotation.Qualifier(value=DefaultAgentsService)}
2018-03-10 19:43:06.147  INFO 88195 --- [           main] j.LocalContainerEntityManagerFactoryBean : Closing JPA EntityManagerFactory for persistence unit 'default'
2018-03-10 19:43:06.147  INFO 88195 --- [           main] .SchemaDropperImpl$DelayedDropActionImpl : HHH000477: Starting delayed drop of schema as part of SessionFactory shut-down'
2018-03-10 19:43:06.149  INFO 88195 --- [           main] com.zaxxer.hikari.HikariDataSource       : HikariPool-3 - Shutdown initiated...
2018-03-10 19:43:06.150  INFO 88195 --- [           main] com.zaxxer.hikari.HikariDataSource       : HikariPool-3 - Shutdown completed.
2018-03-10 19:43:06.153  INFO 88195 --- [           main] ConditionEvaluationReportLoggingListener : 

Error starting ApplicationContext. To display the conditions report re-run your application with 'debug' enabled.
2018-03-10 19:43:06.210 ERROR 88195 --- [           main] o.s.b.d.LoggingFailureAnalysisReporter   : 

***************************
APPLICATION FAILED TO START
***************************

Description:

Field agentsService in com.uniovi.controllers.IncidentController required a bean of type 'com.uniovi.services.IAgentsService' that could not be found.


Action:

Consider defining a bean of type 'com.uniovi.services.IAgentsService' in your configuration.

2018-03-10 19:43:06.211 ERROR 88195 --- [           main] o.s.test.context.TestContextManager      : Caught exception while allowing TestExecutionListener [org.springframework.test.context.web.ServletTestExecutionListener@5b239d7d] to prepare test instance [com.uniovi.entities.IncidentTest@4d67d5a4]

java.lang.IllegalStateException: Failed to load ApplicationContext
	at org.springframework.test.context.cache.DefaultCacheAwareContextLoaderDelegate.loadContext(DefaultCacheAwareContextLoaderDelegate.java:125) ~[spring-test-5.0.4.RELEASE.jar:5.0.4.RELEASE]
	at org.springframework.test.context.support.DefaultTestContext.getApplicationContext(DefaultTestContext.java:107) ~[spring-test-5.0.4.RELEASE.jar:5.0.4.RELEASE]
	at org.springframework.test.context.web.ServletTestExecutionListener.setUpRequestContextIfNecessary(ServletTestExecutionListener.java:190) ~[spring-test-5.0.4.RELEASE.jar:5.0.4.RELEASE]
	at org.springframework.test.context.web.ServletTestExecutionListener.prepareTestInstance(ServletTestExecutionListener.java:132) ~[spring-test-5.0.4.RELEASE.jar:5.0.4.RELEASE]
	at org.springframework.test.context.TestContextManager.prepareTestInstance(TestContextManager.java:242) ~[spring-test-5.0.4.RELEASE.jar:5.0.4.RELEASE]
	at org.springframework.test.context.junit4.SpringJUnit4ClassRunner.createTest(SpringJUnit4ClassRunner.java:227) [spring-test-5.0.4.RELEASE.jar:5.0.4.RELEASE]
	at org.springframework.test.context.junit4.SpringJUnit4ClassRunner$1.runReflectiveCall(SpringJUnit4ClassRunner.java:289) [spring-test-5.0.4.RELEASE.jar:5.0.4.RELEASE]
	at org.junit.internal.runners.model.ReflectiveCallable.run(ReflectiveCallable.java:12) [junit-4.12.jar:4.12]
	at org.springframework.test.context.junit4.SpringJUnit4ClassRunner.methodBlock(SpringJUnit4ClassRunner.java:291) [spring-test-5.0.4.RELEASE.jar:5.0.4.RELEASE]
	at org.springframework.test.context.junit4.SpringJUnit4ClassRunner.runChild(SpringJUnit4ClassRunner.java:246) [spring-test-5.0.4.RELEASE.jar:5.0.4.RELEASE]
	at org.springframework.test.context.junit4.SpringJUnit4ClassRunner.runChild(SpringJUnit4ClassRunner.java:97) [spring-test-5.0.4.RELEASE.jar:5.0.4.RELEASE]
	at org.junit.runners.ParentRunner$3.run(ParentRunner.java:290) [junit-4.12.jar:4.12]
	at org.junit.runners.ParentRunner$1.schedule(ParentRunner.java:71) [junit-4.12.jar:4.12]
	at org.junit.runners.ParentRunner.runChildren(ParentRunner.java:288) [junit-4.12.jar:4.12]
	at org.junit.runners.ParentRunner.access$000(ParentRunner.java:58) [junit-4.12.jar:4.12]
	at org.junit.runners.ParentRunner$2.evaluate(ParentRunner.java:268) [junit-4.12.jar:4.12]
	at org.springframework.test.context.junit4.statements.RunBeforeTestClassCallbacks.evaluate(RunBeforeTestClassCallbacks.java:61) [spring-test-5.0.4.RELEASE.jar:5.0.4.RELEASE]
	at org.springframework.test.context.junit4.statements.RunAfterTestClassCallbacks.evaluate(RunAfterTestClassCallbacks.java:70) [spring-test-5.0.4.RELEASE.jar:5.0.4.RELEASE]
	at org.junit.runners.ParentRunner.run(ParentRunner.java:363) [junit-4.12.jar:4.12]
	at org.springframework.test.context.junit4.SpringJUnit4ClassRunner.run(SpringJUnit4ClassRunner.java:190) [spring-test-5.0.4.RELEASE.jar:5.0.4.RELEASE]
	at org.apache.maven.surefire.junit4.JUnit4Provider.execute(JUnit4Provider.java:369) [surefire-junit4-2.20.1.jar:2.20.1]
	at org.apache.maven.surefire.junit4.JUnit4Provider.executeWithRerun(JUnit4Provider.java:275) [surefire-junit4-2.20.1.jar:2.20.1]
	at org.apache.maven.surefire.junit4.JUnit4Provider.executeTestSet(JUnit4Provider.java:239) [surefire-junit4-2.20.1.jar:2.20.1]
	at org.apache.maven.surefire.junit4.JUnit4Provider.invoke(JUnit4Provider.java:160) [surefire-junit4-2.20.1.jar:2.20.1]
	at org.apache.maven.surefire.booter.ForkedBooter.invokeProviderInSameClassLoader(ForkedBooter.java:373) [surefire-booter-2.20.1.jar:2.20.1]
	at org.apache.maven.surefire.booter.ForkedBooter.runSuitesInProcess(ForkedBooter.java:334) [surefire-booter-2.20.1.jar:2.20.1]
	at org.apache.maven.surefire.booter.ForkedBooter.execute(ForkedBooter.java:119) [surefire-booter-2.20.1.jar:2.20.1]
	at org.apache.maven.surefire.booter.ForkedBooter.main(ForkedBooter.java:407) [surefire-booter-2.20.1.jar:2.20.1]
Caused by: org.springframework.beans.factory.UnsatisfiedDependencyException: Error creating bean with name 'incidentController': Unsatisfied dependency expressed through field 'agentsService'; nested exception is org.springframework.beans.factory.NoSuchBeanDefinitionException: No qualifying bean of type 'com.uniovi.services.IAgentsService' available: expected at least 1 bean which qualifies as autowire candidate. Dependency annotations: {@org.springframework.beans.factory.annotation.Autowired(required=true), @org.springframework.beans.factory.annotation.Qualifier(value=DefaultAgentsService)}
	at org.springframework.beans.factory.annotation.AutowiredAnnotationBeanPostProcessor$AutowiredFieldElement.inject(AutowiredAnnotationBeanPostProcessor.java:587) ~[spring-beans-5.0.4.RELEASE.jar:5.0.4.RELEASE]
	at org.springframework.beans.factory.annotation.InjectionMetadata.inject(InjectionMetadata.java:91) ~[spring-beans-5.0.4.RELEASE.jar:5.0.4.RELEASE]
	at org.springframework.beans.factory.annotation.AutowiredAnnotationBeanPostProcessor.postProcessPropertyValues(AutowiredAnnotationBeanPostProcessor.java:373) ~[spring-beans-5.0.4.RELEASE.jar:5.0.4.RELEASE]
	at org.springframework.beans.factory.support.AbstractAutowireCapableBeanFactory.populateBean(AbstractAutowireCapableBeanFactory.java:1344) ~[spring-beans-5.0.4.RELEASE.jar:5.0.4.RELEASE]
	at org.springframework.beans.factory.support.AbstractAutowireCapableBeanFactory.doCreateBean(AbstractAutowireCapableBeanFactory.java:582) ~[spring-beans-5.0.4.RELEASE.jar:5.0.4.RELEASE]
	at org.springframework.beans.factory.support.AbstractAutowireCapableBeanFactory.createBean(AbstractAutowireCapableBeanFactory.java:502) ~[spring-beans-5.0.4.RELEASE.jar:5.0.4.RELEASE]
	at org.springframework.beans.factory.support.AbstractBeanFactory.lambda$doGetBean$0(AbstractBeanFactory.java:312) ~[spring-beans-5.0.4.RELEASE.jar:5.0.4.RELEASE]
	at org.springframework.beans.factory.support.DefaultSingletonBeanRegistry.getSingleton(DefaultSingletonBeanRegistry.java:228) ~[spring-beans-5.0.4.RELEASE.jar:5.0.4.RELEASE]
	at org.springframework.beans.factory.support.AbstractBeanFactory.doGetBean(AbstractBeanFactory.java:310) ~[spring-beans-5.0.4.RELEASE.jar:5.0.4.RELEASE]
	at org.springframework.beans.factory.support.AbstractBeanFactory.getBean(AbstractBeanFactory.java:200) ~[spring-beans-5.0.4.RELEASE.jar:5.0.4.RELEASE]
	at org.springframework.beans.factory.support.DefaultListableBeanFactory.preInstantiateSingletons(DefaultListableBeanFactory.java:760) ~[spring-beans-5.0.4.RELEASE.jar:5.0.4.RELEASE]
	at org.springframework.context.support.AbstractApplicationContext.finishBeanFactoryInitialization(AbstractApplicationContext.java:868) ~[spring-context-5.0.4.RELEASE.jar:5.0.4.RELEASE]
	at org.springframework.context.support.AbstractApplicationContext.refresh(AbstractApplicationContext.java:549) ~[spring-context-5.0.4.RELEASE.jar:5.0.4.RELEASE]
	at org.springframework.boot.SpringApplication.refresh(SpringApplication.java:752) ~[spring-boot-2.0.0.RELEASE.jar:2.0.0.RELEASE]
	at org.springframework.boot.SpringApplication.refreshContext(SpringApplication.java:388) ~[spring-boot-2.0.0.RELEASE.jar:2.0.0.RELEASE]
	at org.springframework.boot.SpringApplication.run(SpringApplication.java:327) ~[spring-boot-2.0.0.RELEASE.jar:2.0.0.RELEASE]
	at org.springframework.boot.test.context.SpringBootContextLoader.loadContext(SpringBootContextLoader.java:138) ~[spring-boot-test-2.0.0.RELEASE.jar:2.0.0.RELEASE]
	at org.springframework.test.context.cache.DefaultCacheAwareContextLoaderDelegate.loadContextInternal(DefaultCacheAwareContextLoaderDelegate.java:99) ~[spring-test-5.0.4.RELEASE.jar:5.0.4.RELEASE]
	at org.springframework.test.context.cache.DefaultCacheAwareContextLoaderDelegate.loadContext(DefaultCacheAwareContextLoaderDelegate.java:117) ~[spring-test-5.0.4.RELEASE.jar:5.0.4.RELEASE]
	... 27 common frames omitted
Caused by: org.springframework.beans.factory.NoSuchBeanDefinitionException: No qualifying bean of type 'com.uniovi.services.IAgentsService' available: expected at least 1 bean which qualifies as autowire candidate. Dependency annotations: {@org.springframework.beans.factory.annotation.Autowired(required=true), @org.springframework.beans.factory.annotation.Qualifier(value=DefaultAgentsService)}
	at org.springframework.beans.factory.support.DefaultListableBeanFactory.raiseNoMatchingBeanFound(DefaultListableBeanFactory.java:1509) ~[spring-beans-5.0.4.RELEASE.jar:5.0.4.RELEASE]
	at org.springframework.beans.factory.support.DefaultListableBeanFactory.doResolveDependency(DefaultListableBeanFactory.java:1104) ~[spring-beans-5.0.4.RELEASE.jar:5.0.4.RELEASE]
	at org.springframework.beans.factory.support.DefaultListableBeanFactory.resolveDependency(DefaultListableBeanFactory.java:1065) ~[spring-beans-5.0.4.RELEASE.jar:5.0.4.RELEASE]
	at org.springframework.beans.factory.annotation.AutowiredAnnotationBeanPostProcessor$AutowiredFieldElement.inject(AutowiredAnnotationBeanPostProcessor.java:584) ~[spring-beans-5.0.4.RELEASE.jar:5.0.4.RELEASE]
	... 45 common frames omitted

]]></system-out>
  </testcase>
</testsuite>